#
# A fatal error has been detected by the Java Runtime Environment:
#
#  SIGSEGV (0xb) at pc=0x000000010ecb6476, pid=4975, tid=259
#
# JRE version: Java(TM) SE Runtime Environment (18.0.1.1+2) (build 18.0.1.1+2-6)
# Java VM: Java HotSpot(TM) 64-Bit Server VM (18.0.1.1+2-6, mixed mode, sharing, tiered, compressed oops, compressed class ptrs, g1 gc, bsd-amd64)
# Problematic frame:
# V  [libjvm.dylib+0x2dd476]  _ZN15ClassFileParserC2EP15ClassFileStreamP6SymbolP15ClassLoaderDataPK13ClassLoadInfoNS_9PublicityEP10JavaThread+0x1e6
#
# No core dump will be written. Core dumps have been disabled. To enable core dumping, try "ulimit -c unlimited" before starting Java again
#
# If you would like to submit a bug report, please visit:
#   https://bugreport.java.com/bugreport/crash.jsp
# The crash happened outside the Java Virtual Machine in native code.
# See problematic frame for where to report the bug.
#

---------------  S U M M A R Y ------------

Command Line: -Dfile.encoding=UTF-8 --module-path=/Users/hemingyu/git/CPSC233Project/bin:/Users/hemingyu/Documents/CPSC 233/javafx-sdk-16/lib/javafx.fxml.jar:/Users/hemingyu/Documents/CPSC 233/javafx-sdk-16/lib/javafx-swt.jar:/Users/hemingyu/Documents/CPSC 233/javafx-sdk-16/lib/javafx.media.jar:/Users/hemingyu/Documents/CPSC 233/javafx-sdk-16/lib/javafx.graphics.jar:/Users/hemingyu/Documents/CPSC 233/javafx-sdk-16/lib/javafx.swing.jar:/Users/hemingyu/Documents/CPSC 233/javafx-sdk-16/lib/javafx.web.jar:/Users/hemingyu/Documents/CPSC 233/javafx-sdk-16/lib/javafx.controls.jar:/Users/hemingyu/Documents/CPSC 233/javafx-sdk-16/lib/javafx.base.jar:/Users/hemingyu/.p2/pool/plugins/org.eclipse.fx.ide.css.jfx8_3.8.0.202204150904.jar -XX:+ShowCodeDetailsInExceptionMessages -Djdk.module.main=LaundryProject LaundryProject/application.Main

Host: "MacBookAir7,2" x86_64 1600 MHz, 4 cores, 8G, Darwin 21.6.0, macOS 12.5 (21G72)
Time: Sat Aug  6 02:50:00 2022 MDT elapsed time: 0.686882 seconds (0d 0h 0m 0s)

---------------  T H R E A D  ---------------

Current thread (0x00007fd0590c4c00):  JavaThread "JavaFX Application Thread" [_thread_in_native, id=259, stack(0x00007ff7b1e9d000,0x00007ff7b269d000)]

Stack: [0x00007ff7b1e9d000,0x00007ff7b269d000],  sp=0x00007ff7b2697790,  free space=8169k
Native frames: (J=compiled Java code, j=interpreted, Vv=VM code, C=native code)
V  [libjvm.dylib+0x2dd476]  _ZN15ClassFileParserC2EP15ClassFileStreamP6SymbolP15ClassLoaderDataPK13ClassLoadInfoNS_9PublicityEP10JavaThread+0x1e6
V  [libjvm.dylib+0x6e3bf1]  _ZN12KlassFactory18create_from_streamEP15ClassFileStreamP6SymbolP15ClassLoaderDataRK13ClassLoadInfoP10JavaThread+0xb1
V  [libjvm.dylib+0x9a8644]  _ZN16SystemDictionary32resolve_hidden_class_from_streamEP15ClassFileStreamP6Symbol6HandleRK13ClassLoadInfoP10JavaThread+0x74
V  [libjvm.dylib+0x5a98fa]  JVM_LookupDefineClass+0x75a
C  [libjava.dylib+0x307b]  Java_java_lang_ClassLoader_defineClass0+0x14b
j  java.lang.ClassLoader.defineClass0(Ljava/lang/ClassLoader;Ljava/lang/Class;Ljava/lang/String;[BIILjava/security/ProtectionDomain;ZILjava/lang/Object;)Ljava/lang/Class;+0 java.base@18.0.1.1
j  java.lang.System$2.defineClass(Ljava/lang/ClassLoader;Ljava/lang/Class;Ljava/lang/String;[BLjava/security/ProtectionDomain;ZILjava/lang/Object;)Ljava/lang/Class;+17 java.base@18.0.1.1
j  java.lang.invoke.MethodHandles$Lookup$ClassDefiner.defineClass(ZLjava/lang/Object;)Ljava/lang/Class;+54 java.base@18.0.1.1
j  java.lang.invoke.MethodHandles$Lookup$ClassDefiner.defineClassAsLookup(Z)Ljava/lang/invoke/MethodHandles$Lookup;+3 java.base@18.0.1.1
j  java.lang.invoke.MethodHandles$Lookup.defineHiddenClass([BZ[Ljava/lang/invoke/MethodHandles$Lookup$ClassOption;)Ljava/lang/invoke/MethodHandles$Lookup;+65 java.base@18.0.1.1
j  java.lang.invoke.InnerClassLambdaMetafactory.generateInnerClass()Ljava/lang/Class;+581 java.base@18.0.1.1
j  java.lang.invoke.InnerClassLambdaMetafactory.spinInnerClass()Ljava/lang/Class;+107 java.base@18.0.1.1
j  java.lang.invoke.InnerClassLambdaMetafactory.buildCallSite()Ljava/lang/invoke/CallSite;+1 java.base@18.0.1.1
j  java.lang.invoke.LambdaMetafactory.metafactory(Ljava/lang/invoke/MethodHandles$Lookup;Ljava/lang/String;Ljava/lang/invoke/MethodType;Ljava/lang/invoke/MethodType;Ljava/lang/invoke/MethodHandle;Ljava/lang/invoke/MethodType;)Ljava/lang/invoke/CallSite;+67 java.base@18.0.1.1
j  java.lang.invoke.DirectMethodHandle$Holder.invokeStatic(Ljava/lang/Object;Ljava/lang/Object;Ljava/lang/Object;Ljava/lang/Object;Ljava/lang/Object;Ljava/lang/Object;Ljava/lang/Object;)Ljava/lang/Object;+20 java.base@18.0.1.1
j  java.lang.invoke.Invokers$Holder.invokeExact_MT(Ljava/lang/Object;Ljava/lang/Object;Ljava/lang/Object;Ljava/lang/Object;Ljava/lang/Object;Ljava/lang/Object;Ljava/lang/Object;Ljava/lang/Object;)Ljava/lang/Object;+28 java.base@18.0.1.1
j  java.lang.invoke.BootstrapMethodInvoker.invoke(Ljava/lang/Class;Ljava/lang/invoke/MethodHandle;Ljava/lang/String;Ljava/lang/Object;Ljava/lang/Object;Ljava/lang/Class;)Ljava/lang/Object;+319 java.base@18.0.1.1
j  java.lang.invoke.CallSite.makeSite(Ljava/lang/invoke/MethodHandle;Ljava/lang/String;Ljava/lang/invoke/MethodType;Ljava/lang/Object;Ljava/lang/Class;)Ljava/lang/invoke/CallSite;+8 java.base@18.0.1.1
j  java.lang.invoke.MethodHandleNatives.linkCallSiteImpl(Ljava/lang/Class;Ljava/lang/invoke/MethodHandle;Ljava/lang/String;Ljava/lang/invoke/MethodType;Ljava/lang/Object;[Ljava/lang/Object;)Ljava/lang/invoke/MemberName;+6 java.base@18.0.1.1
j  java.lang.invoke.MethodHandleNatives.linkCallSite(Ljava/lang/Object;Ljava/lang/Object;Ljava/lang/Object;Ljava/lang/Object;Ljava/lang/Object;[Ljava/lang/Object;)Ljava/lang/invoke/MemberName;+45 java.base@18.0.1.1
v  ~StubRoutines::call_stub
V  [libjvm.dylib+0x511861]  _ZN9JavaCalls11call_helperEP9JavaValueRK12methodHandleP17JavaCallArgumentsP10JavaThread+0x2a1
V  [libjvm.dylib+0x510f21]  _ZN9JavaCalls11call_staticEP9JavaValueP5KlassP6SymbolS5_P17JavaCallArgumentsP10JavaThread+0x111
V  [libjvm.dylib+0x9ac4b3]  _ZN16SystemDictionary23invoke_bootstrap_methodER13BootstrapInfoP10JavaThread+0x293
V  [libjvm.dylib+0x71529e]  _ZN12LinkResolver20resolve_dynamic_callER8CallInfoR13BootstrapInfoP10JavaThread+0x1e
V  [libjvm.dylib+0x714ca0]  _ZN12LinkResolver21resolve_invokedynamicER8CallInfoRK18constantPoolHandleiP10JavaThread+0x80
V  [libjvm.dylib+0x50b7f4]  _ZN18InterpreterRuntime21resolve_invokedynamicEP10JavaThread+0x174
V  [libjvm.dylib+0x50b8d7]  _ZN18InterpreterRuntime18resolve_from_cacheEP10JavaThreadN9Bytecodes4CodeE+0x77
j  com.sun.javafx.tk.quantum.QuantumRenderer.createResourceFactory()V+16 javafx.graphics
j  com.sun.javafx.tk.quantum.QuantumToolkit.runToolkit()V+40 javafx.graphics
j  com.sun.javafx.tk.quantum.QuantumToolkit.lambda$startup$10()V+1 javafx.graphics
j  com.sun.javafx.tk.quantum.QuantumToolkit$$Lambda$83+0x0000000800c2e278.run()V+4 javafx.graphics
j  com.sun.glass.ui.Application.lambda$run$1(Ljava/lang/Runnable;)V+4 javafx.graphics
j  com.sun.glass.ui.Application$$Lambda$88+0x0000000800c30000.run()V+4 javafx.graphics
j  com.sun.glass.ui.mac.MacApplication.lambda$runLoop$3(Ljava/lang/Runnable;)V+12 javafx.graphics
j  com.sun.glass.ui.mac.MacApplication$$Lambda$89+0x0000000800c30210.run()V+8 javafx.graphics
v  ~StubRoutines::call_stub
V  [libjvm.dylib+0x511861]  _ZN9JavaCalls11call_helperEP9JavaValueRK12methodHandleP17JavaCallArgumentsP10JavaThread+0x2a1
V  [libjvm.dylib+0x56ac8a]  _ZL20jni_invoke_nonstaticP7JNIEnv_P9JavaValueP8_jobject11JNICallTypeP10_jmethodIDP18JNI_ArgumentPusherP10JavaThread+0x2da
V  [libjvm.dylib+0x56eec2]  jni_CallVoidMethod+0x192
C  [libglass.dylib+0x9282]  -[GlassApplication applicationWillFinishLaunching:]+0x192
C  [CoreFoundation+0x7576c]  __CFNOTIFICATIONCENTER_IS_CALLING_OUT_TO_AN_OBSERVER__+0xc
C  [CoreFoundation+0x112b62]  ___CFXRegistrationPost_block_invoke+0x31
C  [CoreFoundation+0x112ae0]  _CFXRegistrationPost+0x1f0
C  [CoreFoundation+0x473a8]  _CFXNotificationPost+0x2df
C  [Foundation+0x97ae]  -[NSNotificationCenter postNotificationName:object:userInfo:]+0x52
C  [AppKit+0x2ffbf]  -[NSApplication finishLaunching]+0x147
C  [AppKit+0x2fbc9]  -[NSApplication run]+0xfa
C  [libglass.dylib+0xaf60]  -[GlassApplication runLoop:]+0x750
C  [Foundation+0x814f7]  __NSThreadPerformPerform+0xb3
C  [CoreFoundation+0x801ab]  __CFRUNLOOP_IS_CALLING_OUT_TO_A_SOURCE0_PERFORM_FUNCTION__+0x11
C  [CoreFoundation+0x80113]  __CFRunLoopDoSource0+0xb4
C  [CoreFoundation+0x7fe8d]  __CFRunLoopDoSources0+0xf2
C  [CoreFoundation+0x7e8a8]  __CFRunLoopRun+0x37c
C  [CoreFoundation+0x7de6c]  CFRunLoopRunSpecific+0x232
C  [libjli.dylib+0x6f32]  CreateExecutionEnvironment+0x182
C  [libjli.dylib+0x2c8c]  JLI_Launch+0x59c
C  [java+0x3c09]  main+0x189
C  0x000000011218152e

Java frames: (J=compiled Java code, j=interpreted, Vv=VM code)
j  java.lang.ClassLoader.defineClass0(Ljava/lang/ClassLoader;Ljava/lang/Class;Ljava/lang/String;[BIILjava/security/ProtectionDomain;ZILjava/lang/Object;)Ljava/lang/Class;+0 java.base@18.0.1.1
j  java.lang.System$2.defineClass(Ljava/lang/ClassLoader;Ljava/lang/Class;Ljava/lang/String;[BLjava/security/ProtectionDomain;ZILjava/lang/Object;)Ljava/lang/Class;+17 java.base@18.0.1.1
j  java.lang.invoke.MethodHandles$Lookup$ClassDefiner.defineClass(ZLjava/lang/Object;)Ljava/lang/Class;+54 java.base@18.0.1.1
j  java.lang.invoke.MethodHandles$Lookup$ClassDefiner.defineClassAsLookup(Z)Ljava/lang/invoke/MethodHandles$Lookup;+3 java.base@18.0.1.1
j  java.lang.invoke.MethodHandles$Lookup.defineHiddenClass([BZ[Ljava/lang/invoke/MethodHandles$Lookup$ClassOption;)Ljava/lang/invoke/MethodHandles$Lookup;+65 java.base@18.0.1.1
j  java.lang.invoke.InnerClassLambdaMetafactory.generateInnerClass()Ljava/lang/Class;+581 java.base@18.0.1.1
j  java.lang.invoke.InnerClassLambdaMetafactory.spinInnerClass()Ljava/lang/Class;+107 java.base@18.0.1.1
j  java.lang.invoke.InnerClassLambdaMetafactory.buildCallSite()Ljava/lang/invoke/CallSite;+1 java.base@18.0.1.1
j  java.lang.invoke.LambdaMetafactory.metafactory(Ljava/lang/invoke/MethodHandles$Lookup;Ljava/lang/String;Ljava/lang/invoke/MethodType;Ljava/lang/invoke/MethodType;Ljava/lang/invoke/MethodHandle;Ljava/lang/invoke/MethodType;)Ljava/lang/invoke/CallSite;+67 java.base@18.0.1.1
j  java.lang.invoke.DirectMethodHandle$Holder.invokeStatic(Ljava/lang/Object;Ljava/lang/Object;Ljava/lang/Object;Ljava/lang/Object;Ljava/lang/Object;Ljava/lang/Object;Ljava/lang/Object;)Ljava/lang/Object;+20 java.base@18.0.1.1
j  java.lang.invoke.Invokers$Holder.invokeExact_MT(Ljava/lang/Object;Ljava/lang/Object;Ljava/lang/Object;Ljava/lang/Object;Ljava/lang/Object;Ljava/lang/Object;Ljava/lang/Object;Ljava/lang/Object;)Ljava/lang/Object;+28 java.base@18.0.1.1
j  java.lang.invoke.BootstrapMethodInvoker.invoke(Ljava/lang/Class;Ljava/lang/invoke/MethodHandle;Ljava/lang/String;Ljava/lang/Object;Ljava/lang/Object;Ljava/lang/Class;)Ljava/lang/Object;+319 java.base@18.0.1.1
j  java.lang.invoke.CallSite.makeSite(Ljava/lang/invoke/MethodHandle;Ljava/lang/String;Ljava/lang/invoke/MethodType;Ljava/lang/Object;Ljava/lang/Class;)Ljava/lang/invoke/CallSite;+8 java.base@18.0.1.1
j  java.lang.invoke.MethodHandleNatives.linkCallSiteImpl(Ljava/lang/Class;Ljava/lang/invoke/MethodHandle;Ljava/lang/String;Ljava/lang/invoke/MethodType;Ljava/lang/Object;[Ljava/lang/Object;)Ljava/lang/invoke/MemberName;+6 java.base@18.0.1.1
j  java.lang.invoke.MethodHandleNatives.linkCallSite(Ljava/lang/Object;Ljava/lang/Object;Ljava/lang/Object;Ljava/lang/Object;Ljava/lang/Object;[Ljava/lang/Object;)Ljava/lang/invoke/MemberName;+45 java.base@18.0.1.1
v  ~StubRoutines::call_stub
j  com.sun.javafx.tk.quantum.QuantumRenderer.createResourceFactory()V+16 javafx.graphics
j  com.sun.javafx.tk.quantum.QuantumToolkit.runToolkit()V+40 javafx.graphics
j  com.sun.javafx.tk.quantum.QuantumToolkit.lambda$startup$10()V+1 javafx.graphics
j  com.sun.javafx.tk.quantum.QuantumToolkit$$Lambda$83+0x0000000800c2e278.run()V+4 javafx.graphics
j  com.sun.glass.ui.Application.lambda$run$1(Ljava/lang/Runnable;)V+4 javafx.graphics
j  com.sun.glass.ui.Application$$Lambda$88+0x0000000800c30000.run()V+4 javafx.graphics
j  com.sun.glass.ui.mac.MacApplication.lambda$runLoop$3(Ljava/lang/Runnable;)V+12 javafx.graphics
j  com.sun.glass.ui.mac.MacApplication$$Lambda$89+0x0000000800c30210.run()V+8 javafx.graphics
v  ~StubRoutines::call_stub

siginfo: si_signo: 11 (SIGSEGV), si_code: 0 (unknown), si_addr: 0x0000000000000000

Register to memory mapping:

RAX=0xf0fe3277f0f2ae4c is an unknown value
RBX=0x00007ff7b2697868 is pointing into the stack for thread: 0x00007fd0590c4c00
RCX=0x000000003ce60001 is an unknown value
RDX=0x000000003ce60002 is an unknown value
RSP=0x00007ff7b2697790 is pointing into the stack for thread: 0x00007fd0590c4c00
RBP=0x00007ff7b26977c0 is pointing into the stack for thread: 0x00007fd0590c4c00
RSI=0x00007ff7b2697b48 is pointing into the stack for thread: 0x00007fd0590c4c00
RDI=0x0000600002daf880 points into unknown readable memory: 0x6f6300343ce60002 | 02 00 e6 3c 34 00 63 6f
R8 =0x00007ff7b2697b00 is pointing into the stack for thread: 0x00007fd0590c4c00
R9 =0x0000000000000001 is an unknown value
R10=0x0000000000000034 is an unknown value
R11=0xffffe00850717bd6 is an unknown value
R12=0x00007ff7b2697b48 is pointing into the stack for thread: 0x00007fd0590c4c00
R13=0x0000600002daf880 points into unknown readable memory: 0x6f6300343ce60002 | 02 00 e6 3c 34 00 63 6f
R14=0x00007fd0590c4c00 is a thread
R15=0x00007ff7b2697b48 is pointing into the stack for thread: 0x00007fd0590c4c00


Registers:
RAX=0xf0fe3277f0f2ae4c, RBX=0x00007ff7b2697868, RCX=0x000000003ce60001, RDX=0x000000003ce60002
RSP=0x00007ff7b2697790, RBP=0x00007ff7b26977c0, RSI=0x00007ff7b2697b48, RDI=0x0000600002daf880
R8 =0x00007ff7b2697b00, R9 =0x0000000000000001, R10=0x0000000000000034, R11=0xffffe00850717bd6
R12=0x00007ff7b2697b48, R13=0x0000600002daf880, R14=0x00007fd0590c4c00, R15=0x00007ff7b2697b48
RIP=0x000000010ecb6476, EFLAGS=0x0000000000010246, ERR=0x0000000000000000
  TRAPNO=0x000000000000000d

Top of Stack: (sp=0x00007ff7b2697790)
0x00007ff7b2697790:   00007ff7b26986f0 00007fd0590c4c00
0x00007ff7b26977a0:   00007ff7b2697b48 0000600002daf880
0x00007ff7b26977b0:   f0fe3277f0f2ae4c 00007ff7b2697b00
0x00007ff7b26977c0:   00007ff7b2697a40 000000010f0bcbf1
0x00007ff7b26977d0:   00007fd0590c4c00 00007fd0590c4c00
0x00007ff7b26977e0:   0000600002d8ddc0 00007fd05a0cd200
0x00007ff7b26977f0:   00007fd05a0cd228 00007fd05a0d51e8
0x00007ff7b2697800:   00000000000080b0 00007ff7b26986f0
0x00007ff7b2697810:   00007fd059a28bd0 00007fd059a28c10
0x00007ff7b2697820:   0000001000000000 00007fd059a28fb8
0x00007ff7b2697830:   00000000000003d8 000000010d9a4000
0x00007ff7b2697840:   0000000000000000 0000600003693210
0x00007ff7b2697850:   00007ff7b2697b48 00007ff80fe59677
0x00007ff7b2697860:   0000000000000003 00007ff7b2697b48
0x00007ff7b2697870:   0000600002daf880 f0fe3277f0f2ae4c
0x00007ff7b2697880:   0000000000000001 0000000000000000
0x00007ff7b2697890:   0000000000000000 0000000000000000
0x00007ff7b26978a0:   0000000000000000 0000000000000000
0x00007ff7b26978b0:   0000000000000000 00007ff80fe50000
0x00007ff7b26978c0:   0000000000000000 0000000000000000
0x00007ff7b26978d0:   0000000000000000 0000000000000000
0x00007ff7b26978e0:   0000000000000000 0000000000000000
0x00007ff7b26978f0:   0000000000000000 0000000000000000
0x00007ff7b2697900:   0000000000000000 0000000000000000
0x00007ff7b2697910:   0000000000000000 0000000000000000
0x00007ff7b2697920:   0000000000000000 0000000000000000
0x00007ff7b2697930:   0000000000000000 0000000000000000
0x00007ff7b2697940:   0000000000000010 0000600000ab4090
0x00007ff7b2697950:   00007ff7b2697990 000000010eb2c1b2
0x00007ff7b2697960:   0000000000000000 0000000000000000
0x00007ff7b2697970:   00007ff7b2697990 000000010f38dc7e
0x00007ff7b2697980:   0000000000000000 00007ff7b2697a48 

Instructions: (pc=0x000000010ecb6476)
0x000000010ecb6376:   00 00 00 00 00 00 00 48 c7 87 c0 00 00 00 00 00
0x000000010ecb6386:   00 00 48 c7 87 c8 00 00 00 00 00 00 00 48 c7 87
0x000000010ecb6396:   d0 00 00 00 00 00 00 00 48 c7 87 60 01 00 00 00
0x000000010ecb63a6:   00 00 00 48 c7 87 58 01 00 00 00 00 00 00 49 8b
0x000000010ecb63b6:   00 48 89 87 68 01 00 00 c7 87 70 01 00 00 00 00
0x000000010ecb63c6:   00 00 44 89 8f 74 01 00 00 66 c7 87 78 01 00 00
0x000000010ecb63d6:   00 00 c6 87 7a 01 00 00 00 48 c7 87 7c 01 00 00
0x000000010ecb63e6:   00 00 00 00 48 c7 87 84 01 00 00 00 00 00 00 48
0x000000010ecb63f6:   c7 87 8c 01 00 00 00 00 00 00 48 c7 87 94 01 00
0x000000010ecb6406:   00 00 00 00 00 48 c7 87 99 01 00 00 00 00 00 00
0x000000010ecb6416:   c7 87 a4 01 00 00 ff ff ff ff 48 85 d2 75 0e 48
0x000000010ecb6426:   8d 05 04 13 9c 00 48 8b 90 10 20 00 00 48 89 53
0x000000010ecb6436:   08 48 89 d7 e8 e1 0a 6c 00 48 8d 05 08 ba 9a 00
0x000000010ecb6446:   80 38 00 74 27 48 8d 05 e6 c6 96 00 8a 00 24 01
0x000000010ecb6456:   48 8d 0d d7 b8 9a 00 8a 09 80 e1 01 41 80 7f 28
0x000000010ecb6466:   00 0f b6 c9 0f b6 c0 0f 44 c1 eb 24 48 8b 43 10
0x000000010ecb6476:   48 8b 78 08 48 85 ff 74 0b ff 15 7b a9 96 00 48
0x000000010ecb6486:   89 c7 eb 02 31 ff 41 0f b6 77 28 e8 5a e5 75 00
0x000000010ecb6496:   88 83 98 01 00 00 41 88 47 28 4c 8b 6b 10 48 8d
0x000000010ecb64a6:   05 2d 2e 9a 00 41 b4 01 4c 39 28 74 1f 49 8b 7d
0x000000010ecb64b6:   08 48 85 ff 74 16 ff 15 3e a9 96 00 48 85 c0 74
0x000000010ecb64c6:   0b 4c 89 ef e8 91 d2 00 00 41 89 c4 48 8d 05 5f
0x000000010ecb64d6:   c6 96 00 80 38 00 48 8d 05 51 b8 9a 00 0f 94 c1
0x000000010ecb64e6:   80 38 00 0f 94 c0 0f 95 c2 08 c8 08 ca 44 08 e2
0x000000010ecb64f6:   20 c2 88 93 99 01 00 00 48 89 df 4c 89 fe 4c 89
0x000000010ecb6506:   f2 e8 34 00 00 00 49 83 7e 08 00 74 0f 48 83 c4
0x000000010ecb6516:   08 5b 41 5c 41 5d 41 5e 41 5f 5d c3 48 8b 53 28
0x000000010ecb6526:   48 89 df 4c 89 f1 48 83 c4 08 5b 41 5c 41 5d 41
0x000000010ecb6536:   5e 41 5f 5d e9 e1 07 00 00 90 55 48 89 e5 41 57
0x000000010ecb6546:   41 56 41 55 41 54 53 48 81 ec f8 00 00 00 49 89
0x000000010ecb6556:   d7 48 89 f3 49 89 fe 48 8b 05 14 ec 89 00 48 8b
0x000000010ecb6566:   00 48 89 45 d0 48 8b 46 10 48 2b 46 18 48 83 f8 


Stack slot to memory mapping:
stack at sp + 0 slots: 0x00007ff7b26986f0 is pointing into the stack for thread: 0x00007fd0590c4c00
stack at sp + 1 slots: 0x00007fd0590c4c00 is a thread
stack at sp + 2 slots: 0x00007ff7b2697b48 is pointing into the stack for thread: 0x00007fd0590c4c00
stack at sp + 3 slots: 0x0000600002daf880 points into unknown readable memory: 0x6f6300343ce60002 | 02 00 e6 3c 34 00 63 6f
stack at sp + 4 slots: 0xf0fe3277f0f2ae4c is an unknown value
stack at sp + 5 slots: 0x00007ff7b2697b00 is pointing into the stack for thread: 0x00007fd0590c4c00
stack at sp + 6 slots: 0x00007ff7b2697a40 is pointing into the stack for thread: 0x00007fd0590c4c00
stack at sp + 7 slots: 0x000000010f0bcbf1: _ZN12KlassFactory18create_from_streamEP15ClassFileStreamP6SymbolP15ClassLoaderDataRK13ClassLoadInfoP10JavaThread+0xb1 in /Library/Java/JavaVirtualMachines/jdk-18.0.1.1.jdk/Contents/Home/lib/server/libjvm.dylib at 0x000000010e9d9000


---------------  P R O C E S S  ---------------

Threads class SMR info:
_java_thread_list=0x00006000038ec400, length=14, elements={
0x00007fd05a808600, 0x00007fd05880c000, 0x00007fd05880a800, 0x00007fd05a046a00,
0x00007fd05a049200, 0x00007fd05a049800, 0x00007fd05a049e00, 0x00007fd05a04a400,
0x00007fd05a842200, 0x00007fd05a0d5200, 0x00007fd059015600, 0x00007fd05a047800,
0x00007fd0590c7c00, 0x00007fd0590c4c00
}

Java Threads: ( => current thread )
  0x00007fd05a808600 JavaThread "main" [_thread_blocked, id=9475, stack(0x000070000808f000,0x000070000818f000)]
  0x00007fd05880c000 JavaThread "Reference Handler" daemon [_thread_blocked, id=14851, stack(0x00007000087a4000,0x00007000088a4000)]
  0x00007fd05880a800 JavaThread "Finalizer" daemon [_thread_blocked, id=16131, stack(0x00007000088a7000,0x00007000089a7000)]
  0x00007fd05a046a00 JavaThread "Signal Dispatcher" daemon [_thread_blocked, id=23043, stack(0x0000700008b33000,0x0000700008c33000)]
  0x00007fd05a049200 JavaThread "Service Thread" daemon [_thread_blocked, id=23555, stack(0x0000700008c36000,0x0000700008d36000)]
  0x00007fd05a049800 JavaThread "Monitor Deflation Thread" daemon [_thread_blocked, id=42499, stack(0x0000700008d39000,0x0000700008e39000)]
  0x00007fd05a049e00 JavaThread "C2 CompilerThread0" daemon [_thread_blocked, id=41987, stack(0x0000700008e3c000,0x0000700008f3c000)]
  0x00007fd05a04a400 JavaThread "C1 CompilerThread0" daemon [_thread_blocked, id=41731, stack(0x0000700008f3f000,0x000070000903f000)]
  0x00007fd05a842200 JavaThread "Sweeper thread" daemon [_thread_blocked, id=24579, stack(0x0000700009042000,0x0000700009142000)]
  0x00007fd05a0d5200 JavaThread "Common-Cleaner" daemon [_thread_blocked, id=25091, stack(0x0000700009145000,0x0000700009245000)]
  0x00007fd059015600 JavaThread "Notification Thread" daemon [_thread_blocked, id=41475, stack(0x0000700009248000,0x0000700009348000)]
  0x00007fd05a047800 JavaThread "QuantumRenderer-0" daemon [_thread_blocked, id=26115, stack(0x000070000944e000,0x000070000954e000)]
  0x00007fd0590c7c00 JavaThread "InvokeLaterDispatcher" daemon [_thread_blocked, id=29451, stack(0x0000700009551000,0x0000700009651000)]
=>0x00007fd0590c4c00 JavaThread "JavaFX Application Thread" [_thread_in_native, id=259, stack(0x00007ff7b1e9d000,0x00007ff7b269d000)]

Other Threads:
  0x00007fd059a15190 VMThread "VM Thread" [stack: 0x00007000086a1000,0x00007000087a1000] [id=14595]
  0x00007fd059a28790 WatcherThread "VM Periodic Task Thread" [stack: 0x000070000934b000,0x000070000944b000] [id=25859]
  0x00007fd059b069d0 WorkerThread "GC Thread#0" [stack: 0x0000700008192000,0x0000700008292000] [id=19459]
  0x00007fd059a055b0 ConcurrentGCThread "G1 Main Marker" [stack: 0x0000700008295000,0x0000700008395000] [id=18947]
  0x00007fd059a05e10 WorkerThread "G1 Conc#0" [stack: 0x0000700008398000,0x0000700008498000] [id=12035]
  0x00007fd059a12660 ConcurrentGCThread "G1 Refine#0" [stack: 0x000070000849b000,0x000070000859b000] [id=12803]
  0x00007fd059a12ee0 ConcurrentGCThread "G1 Service" [stack: 0x000070000859e000,0x000070000869e000] [id=17923]

Threads with active compile tasks:

VM state: not at safepoint (normal execution)

VM Mutex/Monitor currently owned by a thread: None

Heap address: 0x0000000780000000, size: 2048 MB, Compressed Oops mode: Zero based, Oop shift amount: 3

CDS archive(s) mapped at: [0x0000000800000000-0x0000000800ba8000-0x0000000800ba8000), size 12222464, SharedBaseAddress: 0x0000000800000000, ArchiveRelocationMode: 0.
Compressed class space mapped at: 0x0000000800c00000-0x0000000840c00000, reserved size: 1073741824
Narrow klass base: 0x0000000800000000, Narrow klass shift: 0, Narrow klass range: 0x100000000

GC Precious Log:
 CardTable entry size: 512
 Card Set container configuration: InlinePtr #cards 5 size 8 Array Of Cards #cards 12 size 40 Howl #buckets 4 coarsen threshold 1843 Howl Bitmap #cards 512 size 80 coarsen threshold 460 Card regions per heap region 1 cards per card region 2048
 CPUs: 4 total, 4 available
 Memory: 8192M
 Large Page Support: Disabled
 NUMA Support: Disabled
 Compressed Oops: Enabled (Zero based)
 Heap Region Size: 1M
 Heap Min Capacity: 8M
 Heap Initial Capacity: 128M
 Heap Max Capacity: 2G
 Pre-touch: Disabled
 Parallel Workers: 4
 Concurrent Workers: 1
 Concurrent Refinement Workers: 4
 Periodic GC: Disabled

Heap:
 garbage-first heap   total 133120K, used 13208K [0x0000000780000000, 0x0000000800000000)
  region size 1024K, 13 young (13312K), 0 survivors (0K)
 Metaspace       used 2525K, committed 2752K, reserved 1114112K
  class space    used 275K, committed 384K, reserved 1048576K

Heap Regions: E=young(eden), S=young(survivor), O=old, HS=humongous(starts), HC=humongous(continues), CS=collection set, F=free, OA=open archive, CA=closed archive, TAMS=top-at-mark-start (previous, next)
|   0|0x0000000780000000, 0x0000000780000000, 0x0000000780100000|  0%| F|  |TAMS 0x0000000780000000, 0x0000000780000000| Untracked 
|   1|0x0000000780100000, 0x0000000780100000, 0x0000000780200000|  0%| F|  |TAMS 0x0000000780100000, 0x0000000780100000| Untracked 
|   2|0x0000000780200000, 0x0000000780200000, 0x0000000780300000|  0%| F|  |TAMS 0x0000000780200000, 0x0000000780200000| Untracked 
|   3|0x0000000780300000, 0x0000000780300000, 0x0000000780400000|  0%| F|  |TAMS 0x0000000780300000, 0x0000000780300000| Untracked 
|   4|0x0000000780400000, 0x0000000780400000, 0x0000000780500000|  0%| F|  |TAMS 0x0000000780400000, 0x0000000780400000| Untracked 
|   5|0x0000000780500000, 0x0000000780500000, 0x0000000780600000|  0%| F|  |TAMS 0x0000000780500000, 0x0000000780500000| Untracked 
|   6|0x0000000780600000, 0x0000000780600000, 0x0000000780700000|  0%| F|  |TAMS 0x0000000780600000, 0x0000000780600000| Untracked 
|   7|0x0000000780700000, 0x0000000780700000, 0x0000000780800000|  0%| F|  |TAMS 0x0000000780700000, 0x0000000780700000| Untracked 
|   8|0x0000000780800000, 0x0000000780800000, 0x0000000780900000|  0%| F|  |TAMS 0x0000000780800000, 0x0000000780800000| Untracked 
|   9|0x0000000780900000, 0x0000000780900000, 0x0000000780a00000|  0%| F|  |TAMS 0x0000000780900000, 0x0000000780900000| Untracked 
|  10|0x0000000780a00000, 0x0000000780a00000, 0x0000000780b00000|  0%| F|  |TAMS 0x0000000780a00000, 0x0000000780a00000| Untracked 
|  11|0x0000000780b00000, 0x0000000780b00000, 0x0000000780c00000|  0%| F|  |TAMS 0x0000000780b00000, 0x0000000780b00000| Untracked 
|  12|0x0000000780c00000, 0x0000000780c00000, 0x0000000780d00000|  0%| F|  |TAMS 0x0000000780c00000, 0x0000000780c00000| Untracked 
|  13|0x0000000780d00000, 0x0000000780d00000, 0x0000000780e00000|  0%| F|  |TAMS 0x0000000780d00000, 0x0000000780d00000| Untracked 
|  14|0x0000000780e00000, 0x0000000780e00000, 0x0000000780f00000|  0%| F|  |TAMS 0x0000000780e00000, 0x0000000780e00000| Untracked 
|  15|0x0000000780f00000, 0x0000000780f00000, 0x0000000781000000|  0%| F|  |TAMS 0x0000000780f00000, 0x0000000780f00000| Untracked 
|  16|0x0000000781000000, 0x0000000781000000, 0x0000000781100000|  0%| F|  |TAMS 0x0000000781000000, 0x0000000781000000| Untracked 
|  17|0x0000000781100000, 0x0000000781100000, 0x0000000781200000|  0%| F|  |TAMS 0x0000000781100000, 0x0000000781100000| Untracked 
|  18|0x0000000781200000, 0x0000000781200000, 0x0000000781300000|  0%| F|  |TAMS 0x0000000781200000, 0x0000000781200000| Untracked 
|  19|0x0000000781300000, 0x0000000781300000, 0x0000000781400000|  0%| F|  |TAMS 0x0000000781300000, 0x0000000781300000| Untracked 
|  20|0x0000000781400000, 0x0000000781400000, 0x0000000781500000|  0%| F|  |TAMS 0x0000000781400000, 0x0000000781400000| Untracked 
|  21|0x0000000781500000, 0x0000000781500000, 0x0000000781600000|  0%| F|  |TAMS 0x0000000781500000, 0x0000000781500000| Untracked 
|  22|0x0000000781600000, 0x0000000781600000, 0x0000000781700000|  0%| F|  |TAMS 0x0000000781600000, 0x0000000781600000| Untracked 
|  23|0x0000000781700000, 0x0000000781700000, 0x0000000781800000|  0%| F|  |TAMS 0x0000000781700000, 0x0000000781700000| Untracked 
|  24|0x0000000781800000, 0x0000000781800000, 0x0000000781900000|  0%| F|  |TAMS 0x0000000781800000, 0x0000000781800000| Untracked 
|  25|0x0000000781900000, 0x0000000781900000, 0x0000000781a00000|  0%| F|  |TAMS 0x0000000781900000, 0x0000000781900000| Untracked 
|  26|0x0000000781a00000, 0x0000000781a00000, 0x0000000781b00000|  0%| F|  |TAMS 0x0000000781a00000, 0x0000000781a00000| Untracked 
|  27|0x0000000781b00000, 0x0000000781b00000, 0x0000000781c00000|  0%| F|  |TAMS 0x0000000781b00000, 0x0000000781b00000| Untracked 
|  28|0x0000000781c00000, 0x0000000781c00000, 0x0000000781d00000|  0%| F|  |TAMS 0x0000000781c00000, 0x0000000781c00000| Untracked 
|  29|0x0000000781d00000, 0x0000000781d00000, 0x0000000781e00000|  0%| F|  |TAMS 0x0000000781d00000, 0x0000000781d00000| Untracked 
|  30|0x0000000781e00000, 0x0000000781e00000, 0x0000000781f00000|  0%| F|  |TAMS 0x0000000781e00000, 0x0000000781e00000| Untracked 
|  31|0x0000000781f00000, 0x0000000781f00000, 0x0000000782000000|  0%| F|  |TAMS 0x0000000781f00000, 0x0000000781f00000| Untracked 
|  32|0x0000000782000000, 0x0000000782000000, 0x0000000782100000|  0%| F|  |TAMS 0x0000000782000000, 0x0000000782000000| Untracked 
|  33|0x0000000782100000, 0x0000000782100000, 0x0000000782200000|  0%| F|  |TAMS 0x0000000782100000, 0x0000000782100000| Untracked 
|  34|0x0000000782200000, 0x0000000782200000, 0x0000000782300000|  0%| F|  |TAMS 0x0000000782200000, 0x0000000782200000| Untracked 
|  35|0x0000000782300000, 0x0000000782300000, 0x0000000782400000|  0%| F|  |TAMS 0x0000000782300000, 0x0000000782300000| Untracked 
|  36|0x0000000782400000, 0x0000000782400000, 0x0000000782500000|  0%| F|  |TAMS 0x0000000782400000, 0x0000000782400000| Untracked 
|  37|0x0000000782500000, 0x0000000782500000, 0x0000000782600000|  0%| F|  |TAMS 0x0000000782500000, 0x0000000782500000| Untracked 
|  38|0x0000000782600000, 0x0000000782600000, 0x0000000782700000|  0%| F|  |TAMS 0x0000000782600000, 0x0000000782600000| Untracked 
|  39|0x0000000782700000, 0x0000000782700000, 0x0000000782800000|  0%| F|  |TAMS 0x0000000782700000, 0x0000000782700000| Untracked 
|  40|0x0000000782800000, 0x0000000782800000, 0x0000000782900000|  0%| F|  |TAMS 0x0000000782800000, 0x0000000782800000| Untracked 
|  41|0x0000000782900000, 0x0000000782900000, 0x0000000782a00000|  0%| F|  |TAMS 0x0000000782900000, 0x0000000782900000| Untracked 
|  42|0x0000000782a00000, 0x0000000782a00000, 0x0000000782b00000|  0%| F|  |TAMS 0x0000000782a00000, 0x0000000782a00000| Untracked 
|  43|0x0000000782b00000, 0x0000000782b00000, 0x0000000782c00000|  0%| F|  |TAMS 0x0000000782b00000, 0x0000000782b00000| Untracked 
|  44|0x0000000782c00000, 0x0000000782c00000, 0x0000000782d00000|  0%| F|  |TAMS 0x0000000782c00000, 0x0000000782c00000| Untracked 
|  45|0x0000000782d00000, 0x0000000782d00000, 0x0000000782e00000|  0%| F|  |TAMS 0x0000000782d00000, 0x0000000782d00000| Untracked 
|  46|0x0000000782e00000, 0x0000000782e00000, 0x0000000782f00000|  0%| F|  |TAMS 0x0000000782e00000, 0x0000000782e00000| Untracked 
|  47|0x0000000782f00000, 0x0000000782f00000, 0x0000000783000000|  0%| F|  |TAMS 0x0000000782f00000, 0x0000000782f00000| Untracked 
|  48|0x0000000783000000, 0x0000000783000000, 0x0000000783100000|  0%| F|  |TAMS 0x0000000783000000, 0x0000000783000000| Untracked 
|  49|0x0000000783100000, 0x0000000783100000, 0x0000000783200000|  0%| F|  |TAMS 0x0000000783100000, 0x0000000783100000| Untracked 
|  50|0x0000000783200000, 0x0000000783200000, 0x0000000783300000|  0%| F|  |TAMS 0x0000000783200000, 0x0000000783200000| Untracked 
|  51|0x0000000783300000, 0x0000000783300000, 0x0000000783400000|  0%| F|  |TAMS 0x0000000783300000, 0x0000000783300000| Untracked 
|  52|0x0000000783400000, 0x0000000783400000, 0x0000000783500000|  0%| F|  |TAMS 0x0000000783400000, 0x0000000783400000| Untracked 
|  53|0x0000000783500000, 0x0000000783500000, 0x0000000783600000|  0%| F|  |TAMS 0x0000000783500000, 0x0000000783500000| Untracked 
|  54|0x0000000783600000, 0x0000000783600000, 0x0000000783700000|  0%| F|  |TAMS 0x0000000783600000, 0x0000000783600000| Untracked 
|  55|0x0000000783700000, 0x0000000783700000, 0x0000000783800000|  0%| F|  |TAMS 0x0000000783700000, 0x0000000783700000| Untracked 
|  56|0x0000000783800000, 0x0000000783800000, 0x0000000783900000|  0%| F|  |TAMS 0x0000000783800000, 0x0000000783800000| Untracked 
|  57|0x0000000783900000, 0x0000000783900000, 0x0000000783a00000|  0%| F|  |TAMS 0x0000000783900000, 0x0000000783900000| Untracked 
|  58|0x0000000783a00000, 0x0000000783a00000, 0x0000000783b00000|  0%| F|  |TAMS 0x0000000783a00000, 0x0000000783a00000| Untracked 
|  59|0x0000000783b00000, 0x0000000783b00000, 0x0000000783c00000|  0%| F|  |TAMS 0x0000000783b00000, 0x0000000783b00000| Untracked 
|  60|0x0000000783c00000, 0x0000000783c00000, 0x0000000783d00000|  0%| F|  |TAMS 0x0000000783c00000, 0x0000000783c00000| Untracked 
|  61|0x0000000783d00000, 0x0000000783d00000, 0x0000000783e00000|  0%| F|  |TAMS 0x0000000783d00000, 0x0000000783d00000| Untracked 
|  62|0x0000000783e00000, 0x0000000783e00000, 0x0000000783f00000|  0%| F|  |TAMS 0x0000000783e00000, 0x0000000783e00000| Untracked 
|  63|0x0000000783f00000, 0x0000000783f00000, 0x0000000784000000|  0%| F|  |TAMS 0x0000000783f00000, 0x0000000783f00000| Untracked 
|  64|0x0000000784000000, 0x0000000784000000, 0x0000000784100000|  0%| F|  |TAMS 0x0000000784000000, 0x0000000784000000| Untracked 
|  65|0x0000000784100000, 0x0000000784100000, 0x0000000784200000|  0%| F|  |TAMS 0x0000000784100000, 0x0000000784100000| Untracked 
|  66|0x0000000784200000, 0x0000000784200000, 0x0000000784300000|  0%| F|  |TAMS 0x0000000784200000, 0x0000000784200000| Untracked 
|  67|0x0000000784300000, 0x0000000784300000, 0x0000000784400000|  0%| F|  |TAMS 0x0000000784300000, 0x0000000784300000| Untracked 
|  68|0x0000000784400000, 0x0000000784400000, 0x0000000784500000|  0%| F|  |TAMS 0x0000000784400000, 0x0000000784400000| Untracked 
|  69|0x0000000784500000, 0x0000000784500000, 0x0000000784600000|  0%| F|  |TAMS 0x0000000784500000, 0x0000000784500000| Untracked 
|  70|0x0000000784600000, 0x0000000784600000, 0x0000000784700000|  0%| F|  |TAMS 0x0000000784600000, 0x0000000784600000| Untracked 
|  71|0x0000000784700000, 0x0000000784700000, 0x0000000784800000|  0%| F|  |TAMS 0x0000000784700000, 0x0000000784700000| Untracked 
|  72|0x0000000784800000, 0x0000000784800000, 0x0000000784900000|  0%| F|  |TAMS 0x0000000784800000, 0x0000000784800000| Untracked 
|  73|0x0000000784900000, 0x0000000784900000, 0x0000000784a00000|  0%| F|  |TAMS 0x0000000784900000, 0x0000000784900000| Untracked 
|  74|0x0000000784a00000, 0x0000000784a00000, 0x0000000784b00000|  0%| F|  |TAMS 0x0000000784a00000, 0x0000000784a00000| Untracked 
|  75|0x0000000784b00000, 0x0000000784b00000, 0x0000000784c00000|  0%| F|  |TAMS 0x0000000784b00000, 0x0000000784b00000| Untracked 
|  76|0x0000000784c00000, 0x0000000784c00000, 0x0000000784d00000|  0%| F|  |TAMS 0x0000000784c00000, 0x0000000784c00000| Untracked 
|  77|0x0000000784d00000, 0x0000000784d00000, 0x0000000784e00000|  0%| F|  |TAMS 0x0000000784d00000, 0x0000000784d00000| Untracked 
|  78|0x0000000784e00000, 0x0000000784e00000, 0x0000000784f00000|  0%| F|  |TAMS 0x0000000784e00000, 0x0000000784e00000| Untracked 
|  79|0x0000000784f00000, 0x0000000784f00000, 0x0000000785000000|  0%| F|  |TAMS 0x0000000784f00000, 0x0000000784f00000| Untracked 
|  80|0x0000000785000000, 0x0000000785000000, 0x0000000785100000|  0%| F|  |TAMS 0x0000000785000000, 0x0000000785000000| Untracked 
|  81|0x0000000785100000, 0x0000000785100000, 0x0000000785200000|  0%| F|  |TAMS 0x0000000785100000, 0x0000000785100000| Untracked 
|  82|0x0000000785200000, 0x0000000785200000, 0x0000000785300000|  0%| F|  |TAMS 0x0000000785200000, 0x0000000785200000| Untracked 
|  83|0x0000000785300000, 0x0000000785300000, 0x0000000785400000|  0%| F|  |TAMS 0x0000000785300000, 0x0000000785300000| Untracked 
|  84|0x0000000785400000, 0x0000000785400000, 0x0000000785500000|  0%| F|  |TAMS 0x0000000785400000, 0x0000000785400000| Untracked 
|  85|0x0000000785500000, 0x0000000785500000, 0x0000000785600000|  0%| F|  |TAMS 0x0000000785500000, 0x0000000785500000| Untracked 
|  86|0x0000000785600000, 0x0000000785600000, 0x0000000785700000|  0%| F|  |TAMS 0x0000000785600000, 0x0000000785600000| Untracked 
|  87|0x0000000785700000, 0x0000000785700000, 0x0000000785800000|  0%| F|  |TAMS 0x0000000785700000, 0x0000000785700000| Untracked 
|  88|0x0000000785800000, 0x0000000785800000, 0x0000000785900000|  0%| F|  |TAMS 0x0000000785800000, 0x0000000785800000| Untracked 
|  89|0x0000000785900000, 0x0000000785900000, 0x0000000785a00000|  0%| F|  |TAMS 0x0000000785900000, 0x0000000785900000| Untracked 
|  90|0x0000000785a00000, 0x0000000785a00000, 0x0000000785b00000|  0%| F|  |TAMS 0x0000000785a00000, 0x0000000785a00000| Untracked 
|  91|0x0000000785b00000, 0x0000000785b00000, 0x0000000785c00000|  0%| F|  |TAMS 0x0000000785b00000, 0x0000000785b00000| Untracked 
|  92|0x0000000785c00000, 0x0000000785c00000, 0x0000000785d00000|  0%| F|  |TAMS 0x0000000785c00000, 0x0000000785c00000| Untracked 
|  93|0x0000000785d00000, 0x0000000785d00000, 0x0000000785e00000|  0%| F|  |TAMS 0x0000000785d00000, 0x0000000785d00000| Untracked 
|  94|0x0000000785e00000, 0x0000000785e00000, 0x0000000785f00000|  0%| F|  |TAMS 0x0000000785e00000, 0x0000000785e00000| Untracked 
|  95|0x0000000785f00000, 0x0000000785f00000, 0x0000000786000000|  0%| F|  |TAMS 0x0000000785f00000, 0x0000000785f00000| Untracked 
|  96|0x0000000786000000, 0x0000000786000000, 0x0000000786100000|  0%| F|  |TAMS 0x0000000786000000, 0x0000000786000000| Untracked 
|  97|0x0000000786100000, 0x0000000786100000, 0x0000000786200000|  0%| F|  |TAMS 0x0000000786100000, 0x0000000786100000| Untracked 
|  98|0x0000000786200000, 0x0000000786200000, 0x0000000786300000|  0%| F|  |TAMS 0x0000000786200000, 0x0000000786200000| Untracked 
|  99|0x0000000786300000, 0x0000000786300000, 0x0000000786400000|  0%| F|  |TAMS 0x0000000786300000, 0x0000000786300000| Untracked 
| 100|0x0000000786400000, 0x0000000786400000, 0x0000000786500000|  0%| F|  |TAMS 0x0000000786400000, 0x0000000786400000| Untracked 
| 101|0x0000000786500000, 0x0000000786500000, 0x0000000786600000|  0%| F|  |TAMS 0x0000000786500000, 0x0000000786500000| Untracked 
| 102|0x0000000786600000, 0x0000000786600000, 0x0000000786700000|  0%| F|  |TAMS 0x0000000786600000, 0x0000000786600000| Untracked 
| 103|0x0000000786700000, 0x0000000786700000, 0x0000000786800000|  0%| F|  |TAMS 0x0000000786700000, 0x0000000786700000| Untracked 
| 104|0x0000000786800000, 0x0000000786800000, 0x0000000786900000|  0%| F|  |TAMS 0x0000000786800000, 0x0000000786800000| Untracked 
| 105|0x0000000786900000, 0x0000000786900000, 0x0000000786a00000|  0%| F|  |TAMS 0x0000000786900000, 0x0000000786900000| Untracked 
| 106|0x0000000786a00000, 0x0000000786a00000, 0x0000000786b00000|  0%| F|  |TAMS 0x0000000786a00000, 0x0000000786a00000| Untracked 
| 107|0x0000000786b00000, 0x0000000786b00000, 0x0000000786c00000|  0%| F|  |TAMS 0x0000000786b00000, 0x0000000786b00000| Untracked 
| 108|0x0000000786c00000, 0x0000000786c00000, 0x0000000786d00000|  0%| F|  |TAMS 0x0000000786c00000, 0x0000000786c00000| Untracked 
| 109|0x0000000786d00000, 0x0000000786d00000, 0x0000000786e00000|  0%| F|  |TAMS 0x0000000786d00000, 0x0000000786d00000| Untracked 
| 110|0x0000000786e00000, 0x0000000786e00000, 0x0000000786f00000|  0%| F|  |TAMS 0x0000000786e00000, 0x0000000786e00000| Untracked 
| 111|0x0000000786f00000, 0x0000000786f00000, 0x0000000787000000|  0%| F|  |TAMS 0x0000000786f00000, 0x0000000786f00000| Untracked 
| 112|0x0000000787000000, 0x0000000787000000, 0x0000000787100000|  0%| F|  |TAMS 0x0000000787000000, 0x0000000787000000| Untracked 
| 113|0x0000000787100000, 0x0000000787100000, 0x0000000787200000|  0%| F|  |TAMS 0x0000000787100000, 0x0000000787100000| Untracked 
| 114|0x0000000787200000, 0x0000000787200000, 0x0000000787300000|  0%| F|  |TAMS 0x0000000787200000, 0x0000000787200000| Untracked 
| 115|0x0000000787300000, 0x0000000787385c10, 0x0000000787400000| 52%| E|  |TAMS 0x0000000787300000, 0x0000000787300000| Complete 
| 116|0x0000000787400000, 0x0000000787500000, 0x0000000787500000|100%| E|CS|TAMS 0x0000000787400000, 0x0000000787400000| Complete 
| 117|0x0000000787500000, 0x0000000787600000, 0x0000000787600000|100%| E|CS|TAMS 0x0000000787500000, 0x0000000787500000| Complete 
| 118|0x0000000787600000, 0x0000000787700000, 0x0000000787700000|100%| E|CS|TAMS 0x0000000787600000, 0x0000000787600000| Complete 
| 119|0x0000000787700000, 0x0000000787800000, 0x0000000787800000|100%| E|CS|TAMS 0x0000000787700000, 0x0000000787700000| Complete 
| 120|0x0000000787800000, 0x0000000787900000, 0x0000000787900000|100%| E|CS|TAMS 0x0000000787800000, 0x0000000787800000| Complete 
| 121|0x0000000787900000, 0x0000000787a00000, 0x0000000787a00000|100%| E|CS|TAMS 0x0000000787900000, 0x0000000787900000| Complete 
| 122|0x0000000787a00000, 0x0000000787b00000, 0x0000000787b00000|100%| E|CS|TAMS 0x0000000787a00000, 0x0000000787a00000| Complete 
| 123|0x0000000787b00000, 0x0000000787c00000, 0x0000000787c00000|100%| E|CS|TAMS 0x0000000787b00000, 0x0000000787b00000| Complete 
| 124|0x0000000787c00000, 0x0000000787d00000, 0x0000000787d00000|100%| E|CS|TAMS 0x0000000787c00000, 0x0000000787c00000| Complete 
| 125|0x0000000787d00000, 0x0000000787e00000, 0x0000000787e00000|100%| E|CS|TAMS 0x0000000787d00000, 0x0000000787d00000| Complete 
| 126|0x0000000787e00000, 0x0000000787f00000, 0x0000000787f00000|100%| E|CS|TAMS 0x0000000787e00000, 0x0000000787e00000| Complete 
| 127|0x0000000787f00000, 0x0000000788000000, 0x0000000788000000|100%| E|CS|TAMS 0x0000000787f00000, 0x0000000787f00000| Complete 
|2046|0x00000007ffe00000, 0x00000007ffe74000, 0x00000007fff00000| 45%|OA|  |TAMS 0x00000007ffe00000, 0x00000007ffe00000| Untracked 
|2047|0x00000007fff00000, 0x00000007fff72000, 0x0000000800000000| 44%|CA|  |TAMS 0x00000007fff00000, 0x00000007fff00000| Untracked 

Card table byte_map: [0x000000010e03f000,0x000000010e43f000] _byte_map_base: 0x000000010a43f000

Marking Bits (Prev, Next): (CMBitMap*) 0x00007fd05a015810, (CMBitMap*) 0x00007fd05a015850
 Prev Bits: [0x000000010fa59000, 0x0000000111a59000)
 Next Bits: [0x0000000128a8b000, 0x000000012aa8b000)

Polling page: 0x000000010d98a000

Metaspace:

Usage:
  Non-class:      2.20 MB used.
      Class:    275.92 KB used.
       Both:      2.47 MB used.

Virtual space:
  Non-class space:       64.00 MB reserved,       2.31 MB (  4%) committed,  1 nodes.
      Class space:        1.00 GB reserved,     384.00 KB ( <1%) committed,  1 nodes.
             Both:        1.06 GB reserved,       2.69 MB ( <1%) committed. 

Chunk freelists:
   Non-Class:  2.86 MB
       Class:  3.55 MB
        Both:  6.41 MB

MaxMetaspaceSize: unlimited
CompressedClassSpaceSize: 1.00 GB
Initial GC threshold: 21.00 MB
Current GC threshold: 21.00 MB
CDS: on
MetaspaceReclaimPolicy: balanced
 - commit_granule_bytes: 65536.
 - commit_granule_words: 8192.
 - virtual_space_node_default_size: 8388608.
 - enlarge_chunks_in_place: 1.
 - new_chunks_are_fully_committed: 0.
 - uncommit_free_chunks: 1.
 - use_allocation_guard: 0.


Internal statistics:

num_allocs_failed_limit: 0.
num_arena_births: 94.
num_arena_deaths: 0.
num_vsnodes_births: 2.
num_vsnodes_deaths: 0.
num_space_committed: 43.
num_space_uncommitted: 0.
num_chunks_returned_to_freelist: 0.
num_chunks_taken_from_freelist: 163.
num_chunk_merges: 0.
num_chunk_splits: 109.
num_chunks_enlarged: 76.
num_inconsistent_stats: 0.

CodeHeap 'non-profiled nmethods': size=120032Kb used=192Kb max_used=192Kb free=119840Kb
 bounds [0x0000000121553000, 0x00000001217c3000, 0x0000000128a8b000]
CodeHeap 'profiled nmethods': size=120028Kb used=842Kb max_used=842Kb free=119185Kb
 bounds [0x000000011a01c000, 0x000000011a28c000, 0x0000000121553000]
CodeHeap 'non-nmethods': size=5700Kb used=1181Kb max_used=1193Kb free=4518Kb
 bounds [0x0000000119a8b000, 0x0000000119cfb000, 0x000000011a01c000]
 total_blobs=1088 nmethods=617 adapters=385
 compilation: enabled
              stopped_count=0, restarted_count=0
 full_count=0

Compilation events (20 events):
Event: 0.473 Thread 0x00007fd05a04a400 nmethod 604 0x000000011a0e6910 code [0x000000011a0e6ae0, 0x000000011a0e6cd0]
Event: 0.473 Thread 0x00007fd05a04a400  606       3       java.lang.String::concat (15 bytes)
Event: 0.474 Thread 0x00007fd05a04a400 nmethod 606 0x000000011a0e6d90 code [0x000000011a0e70c0, 0x000000011a0e8350]
Event: 0.475 Thread 0x00007fd05a04a400  607       3       java.util.ArrayDeque::poll (5 bytes)
Event: 0.475 Thread 0x00007fd05a04a400 nmethod 607 0x000000011a0e8a10 code [0x000000011a0e8bc0, 0x000000011a0e8d00]
Event: 0.475 Thread 0x00007fd05a04a400  608       3       java.lang.invoke.DirectMethodHandle::preparedLambdaForm (31 bytes)
Event: 0.476 Thread 0x00007fd05a04a400 nmethod 608 0x000000011a0e8d90 code [0x000000011a0e8f80, 0x000000011a0e9440]
Event: 0.477 Thread 0x00007fd05a04a400  609       3       java.lang.invoke.MemberName::getType (19 bytes)
Event: 0.477 Thread 0x00007fd05a04a400 nmethod 609 0x000000011a0e9610 code [0x000000011a0e9800, 0x000000011a0e9bb0]
Event: 0.478 Thread 0x00007fd05a049e00  610       4       java.lang.invoke.MemberName::getReferenceKind (12 bytes)
Event: 0.478 Thread 0x00007fd05a049e00 nmethod 610 0x0000000121582a10 code [0x0000000121582b80, 0x0000000121582bf8]
Event: 0.480 Thread 0x00007fd05a04a400  611       3       jdk.internal.org.objectweb.asm.MethodVisitor::<init> (88 bytes)
Event: 0.480 Thread 0x00007fd05a04a400 nmethod 611 0x000000011a0e9d10 code [0x000000011a0e9f60, 0x000000011a0ea840]
Event: 0.480 Thread 0x00007fd05a04a400  612       3       jdk.internal.org.objectweb.asm.Type::<init> (26 bytes)
Event: 0.480 Thread 0x00007fd05a04a400 nmethod 612 0x000000011a0eab10 code [0x000000011a0eacc0, 0x000000011a0eae90]
Event: 0.589 Thread 0x00007fd05a04a400  613       3       java.lang.invoke.MethodType::toMethodDescriptorString (28 bytes)
Event: 0.592 Thread 0x00007fd05a04a400 nmethod 613 0x000000011a0eaf90 code [0x000000011a0eb140, 0x000000011a0eb320]
Event: 0.592 Thread 0x00007fd05a04a400  614       3       java.lang.invoke.DirectMethodHandle::<init> (148 bytes)
Event: 0.594 Thread 0x00007fd05a04a400 nmethod 614 0x000000011a0eb410 code [0x000000011a0eb6e0, 0x000000011a0ec640]
Event: 0.684 Thread 0x00007fd05a04a400  617       3       jdk.internal.org.objectweb.asm.SymbolTable$Entry::<init> (20 bytes)

GC Heap History (0 events):
No events

Deoptimization events (8 events):
Event: 0.261 Thread 0x00007fd05a808600 DEOPT PACKING pc=0x000000011a06a8bf sp=0x000070000818d550
Event: 0.261 Thread 0x00007fd05a808600 DEOPT UNPACKING pc=0x0000000119add82f sp=0x000070000818ca00 mode 0
Event: 0.290 Thread 0x00007fd05a808600 Uncommon trap: trap_request=0xffffff45 fr.pc=0x0000000121566a2c relative=0x00000000000005ec
Event: 0.290 Thread 0x00007fd05a808600 Uncommon trap: reason=unstable_if action=reinterpret pc=0x0000000121566a2c method=java.util.ImmutableCollections$SetN.probe(Ljava/lang/Object;)I @ 34 c2
Event: 0.290 Thread 0x00007fd05a808600 DEOPT PACKING pc=0x0000000121566a2c sp=0x000070000818e4a0
Event: 0.290 Thread 0x00007fd05a808600 DEOPT UNPACKING pc=0x0000000119add099 sp=0x000070000818e460 mode 2
Event: 0.325 Thread 0x00007fd05a808600 DEOPT PACKING pc=0x000000011a03b1da sp=0x000070000818d020
Event: 0.325 Thread 0x00007fd05a808600 DEOPT UNPACKING pc=0x0000000119add82f sp=0x000070000818c460 mode 0

Classes loaded (20 events):
Event: 0.405 Loading class java/lang/StackStreamFactory$CallerClassFinder$ClassBuffer
Event: 0.405 Loading class java/lang/StackStreamFactory$FrameBuffer
Event: 0.405 Loading class java/lang/StackStreamFactory$FrameBuffer done
Event: 0.405 Loading class java/lang/StackStreamFactory$CallerClassFinder$ClassBuffer done
Event: 0.406 Loading class sun/nio/cs/UTF_8$Decoder
Event: 0.406 Loading class java/nio/charset/CharsetDecoder
Event: 0.406 Loading class java/nio/charset/CharsetDecoder done
Event: 0.406 Loading class sun/nio/cs/UTF_8$Decoder done
Event: 0.463 Loading class java/util/concurrent/locks/AbstractQueuedSynchronizer$ConditionNode
Event: 0.463 Loading class java/util/concurrent/ForkJoinPool$ManagedBlocker
Event: 0.463 Loading class java/util/concurrent/ForkJoinPool$ManagedBlocker done
Event: 0.463 Loading class java/util/concurrent/locks/AbstractQueuedSynchronizer$ConditionNode done
Event: 0.478 Loading class java/util/concurrent/BlockingDeque
Event: 0.478 Loading class java/util/concurrent/BlockingDeque done
Event: 0.479 Loading class java/util/concurrent/LinkedBlockingDeque
Event: 0.479 Loading class java/util/concurrent/LinkedBlockingDeque done
Event: 0.678 Loading class java/util/concurrent/LinkedBlockingDeque$Node
Event: 0.678 Loading class java/util/concurrent/LinkedBlockingDeque$Node done
Event: 0.683 Loading class java/util/concurrent/FutureTask
Event: 0.683 Loading class java/util/concurrent/FutureTask done

Classes unloaded (0 events):
No events

Classes redefined (0 events):
No events

Internal exceptions (9 events):
Event: 0.117 Thread 0x00007fd05a808600 Exception <a 'java/lang/NoSuchMethodError'{0x0000000787fed1d8}: 'void java.lang.invoke.DirectMethodHandle$Holder.invokeVirtual(java.lang.Object, java.lang.Object)'> (0x0000000787fed1d8) 
thrown [open/src/hotspot/share/interpreter/linkResolver.cpp, line 766]
Event: 0.311 Thread 0x00007fd05a808600 Exception <a 'java/lang/NoSuchMethodError'{0x00000007879815d8}: 'java.lang.Object java.lang.invoke.DirectMethodHandle$Holder.invokeStaticInit(java.lang.Object)'> (0x00000007879815d8) 
thrown [open/src/hotspot/share/interpreter/linkResolver.cpp, line 766]
Event: 0.312 Thread 0x00007fd05a808600 Exception <a 'java/lang/NoSuchMethodError'{0x00000007879d12e8}: 'void java.lang.invoke.DirectMethodHandle$Holder.invokeStatic(java.lang.Object, java.lang.Object, java.lang.Object, java.lang.Object)'> (0x00000007879d12e8) 
thrown [open/src/hotspot/share/interpreter/linkResolver.cpp, line 766]
Event: 0.313 Thread 0x00007fd05a808600 Exception <a 'java/lang/NoSuchMethodError'{0x00000007879d5280}: 'void java.lang.invoke.DirectMethodHandle$Holder.invokeSpecial(java.lang.Object, java.lang.Object, java.lang.Object, java.lang.Object, java.lang.Object)'> (0x00000007879d5280) 
thrown [open/src/hotspot/share/interpreter/linkResolver.cpp, line 766]
Event: 0.319 Thread 0x00007fd05a808600 Exception <a 'java/lang/NoSuchMethodError'{0x00000007879ed798}: 'java.lang.Object java.lang.invoke.Invokers$Holder.invokeExact_MT(java.lang.Object, java.lang.Object, java.lang.Object, java.lang.Object, java.lang.Object, java.lang.Object)'> (0x00000007879ed798) 
thrown [open/src/hotspot/share/interpreter/linkResolver.cpp, line 766]
Event: 0.325 Thread 0x00007fd05a808600 Exception <a 'java/lang/NoSuchMethodError'{0x0000000787801c80}: 'void java.lang.invoke.DirectMethodHandle$Holder.invokeStatic(java.lang.Object, java.lang.Object)'> (0x0000000787801c80) 
thrown [open/src/hotspot/share/interpreter/linkResolver.cpp, line 766]
Event: 0.378 Thread 0x00007fd05a808600 Exception <a 'java/lang/NoSuchMethodError'{0x0000000787687130}: 'void java.lang.invoke.DirectMethodHandle$Holder.invokeSpecial(java.lang.Object, java.lang.Object, java.lang.Object)'> (0x0000000787687130) 
thrown [open/src/hotspot/share/interpreter/linkResolver.cpp, line 766]
Event: 0.390 Thread 0x00007fd05a808600 Exception <a 'java/lang/NoSuchMethodError'{0x00000007876c3090}: 'void java.lang.invoke.DirectMethodHandle$Holder.invokeStatic(java.lang.Object, java.lang.Object, java.lang.Object)'> (0x00000007876c3090) 
thrown [open/src/hotspot/share/interpreter/linkResolver.cpp, line 766]
Event: 0.464 Thread 0x00007fd05a808600 Exception <a 'java/lang/NoSuchMethodError'{0x0000000787411bb0}: 'int java.lang.invoke.DirectMethodHandle$Holder.invokeStaticInit(java.lang.Object, java.lang.Object, java.lang.Object)'> (0x0000000787411bb0) 
thrown [open/src/hotspot/share/interpreter/linkResolver.cpp, line 766]

VM Operations (2 events):
Event: 0.288 Executing VM operation: HandshakeAllThreads
Event: 0.288 Executing VM operation: HandshakeAllThreads done

Events (20 events):
Event: 0.041 Protecting memory [0x0000700009042000,0x0000700009046000] with protection modes 0
Event: 0.050 Loaded shared library /Library/Java/JavaVirtualMachines/jdk-18.0.1.1.jdk/Contents/Home/lib/libnio.dylib
Event: 0.087 Thread 0x00007fd05a0d5200 Thread added: 0x00007fd05a0d5200
Event: 0.087 Protecting memory [0x0000700009145000,0x0000700009149000] with protection modes 0
Event: 0.102 Loaded shared library /Library/Java/JavaVirtualMachines/jdk-18.0.1.1.jdk/Contents/Home/lib/libnet.dylib
Event: 0.142 Loaded shared library /Library/Java/JavaVirtualMachines/jdk-18.0.1.1.jdk/Contents/Home/lib/libzip.dylib
Event: 0.300 Thread 0x00007fd059015600 Thread added: 0x00007fd059015600
Event: 0.300 Protecting memory [0x0000700009248000,0x000070000924c000] with protection modes 0
Event: 0.391 Thread 0x00007fd05a047800 Thread added: 0x00007fd05a047800
Event: 0.391 Protecting memory [0x000070000944e000,0x0000700009452000] with protection modes 0
Event: 0.414 Loaded shared library /Users/hemingyu/Documents/CPSC 233/javafx-sdk-16/lib/libprism_es2.dylib
Event: 0.477 Loaded shared library /Users/hemingyu/Documents/CPSC 233/javafx-sdk-16/lib/libglass.dylib
Event: 0.479 Thread 0x00007fd0590c7c00 Thread added: 0x00007fd0590c7c00
Event: 0.479 Protecting memory [0x0000700009551000,0x0000700009555000] with protection modes 0
Event: 0.480 Protecting memory [0x00007ff7b1e9d000,0x00007ff7b1ea1000] with protection modes 0
Event: 0.480 Thread 0x00007fd0590c4c00 Thread added: 0x00007fd0590c4c00
Event: 0.589 Thread 0x00007fd05a123800 Thread added: 0x00007fd05a123800
Event: 0.589 Protecting memory [0x0000700009654000,0x0000700009658000] with protection modes 0
Event: 0.679 Protecting memory [0x0000700009654000,0x0000700009658000] with protection modes 3
Event: 0.679 Thread 0x00007fd05a123800 Thread exited: 0x00007fd05a123800


Dynamic libraries:
0x000000010d98c000 	/Library/Java/JavaVirtualMachines/jdk-18.0.1.1.jdk/Contents/Home/lib/libjli.dylib
0x00007ff81ad57000 	/usr/lib/libz.1.dylib
0x00007ff81ae37000 	/usr/lib/libSystem.B.dylib
0x00007ff81ae32000 	/usr/lib/system/libcache.dylib
0x00007ff81adee000 	/usr/lib/system/libcommonCrypto.dylib
0x00007ff81ae17000 	/usr/lib/system/libcompiler_rt.dylib
0x00007ff81ae0d000 	/usr/lib/system/libcopyfile.dylib
0x00007ff80fdc6000 	/usr/lib/system/libcorecrypto.dylib
0x00007ff80fe84000 	/usr/lib/system/libdispatch.dylib
0x00007ff810044000 	/usr/lib/system/libdyld.dylib
0x00007ff81ae29000 	/usr/lib/system/libkeymgr.dylib
0x00007ff81adcc000 	/usr/lib/system/libmacho.dylib
0x00007ff81a44d000 	/usr/lib/system/libquarantine.dylib
0x00007ff81ae27000 	/usr/lib/system/libremovefile.dylib
0x00007ff814fd9000 	/usr/lib/system/libsystem_asl.dylib
0x00007ff80fd6f000 	/usr/lib/system/libsystem_blocks.dylib
0x00007ff80ff08000 	/usr/lib/system/libsystem_c.dylib
0x00007ff81ae1f000 	/usr/lib/system/libsystem_collections.dylib
0x00007ff819701000 	/usr/lib/system/libsystem_configuration.dylib
0x00007ff8189aa000 	/usr/lib/system/libsystem_containermanager.dylib
0x00007ff81ab04000 	/usr/lib/system/libsystem_coreservices.dylib
0x00007ff81267a000 	/usr/lib/system/libsystem_darwin.dylib
0x00007ff81ae2a000 	/usr/lib/system/libsystem_dnssd.dylib
0x00007ff80ff05000 	/usr/lib/system/libsystem_featureflags.dylib
0x00007ff81005a000 	/usr/lib/system/libsystem_info.dylib
0x00007ff81ad6a000 	/usr/lib/system/libsystem_m.dylib
0x00007ff80fe58000 	/usr/lib/system/libsystem_malloc.dylib
0x00007ff814f74000 	/usr/lib/system/libsystem_networkextension.dylib
0x00007ff812aa0000 	/usr/lib/system/libsystem_notify.dylib
0x00007ff8210a5000 	/usr/lib/system/libsystem_product_info_filter.dylib
0x00007ff819705000 	/usr/lib/system/libsystem_sandbox.dylib
0x00007ff81ae24000 	/usr/lib/system/libsystem_secinit.dylib
0x00007ff810000000 	/usr/lib/system/libsystem_kernel.dylib
0x00007ff810050000 	/usr/lib/system/libsystem_platform.dylib
0x00007ff810038000 	/usr/lib/system/libsystem_pthread.dylib
0x00007ff816827000 	/usr/lib/system/libsystem_symptoms.dylib
0x00007ff80fdad000 	/usr/lib/system/libsystem_trace.dylib
0x00007ff81adfa000 	/usr/lib/system/libunwind.dylib
0x00007ff80fd71000 	/usr/lib/system/libxpc.dylib
0x00007ff80ffea000 	/usr/lib/libc++abi.dylib
0x00007ff80fecb000 	/usr/lib/libobjc.A.dylib
0x00007ff81ae05000 	/usr/lib/liboah.dylib
0x00007ff80ff91000 	/usr/lib/libc++.1.dylib
0x00007ff826ea6000 	/System/Library/Frameworks/Cocoa.framework/Versions/A/Cocoa
0x00007ff812afe000 	/System/Library/Frameworks/AppKit.framework/Versions/C/AppKit
0x00007ff816015000 	/System/Library/Frameworks/CoreData.framework/Versions/A/CoreData
0x00007ff810f01000 	/System/Library/Frameworks/Foundation.framework/Versions/C/Foundation
0x00007ff81398e000 	/System/Library/PrivateFrameworks/UIFoundation.framework/Versions/A/UIFoundation
0x00007ff820da8000 	/System/Library/PrivateFrameworks/RemoteViewServices.framework/Versions/A/RemoteViewServices
0x00007ff81908b000 	/System/Library/PrivateFrameworks/XCTTargetBootstrap.framework/Versions/A/XCTTargetBootstrap
0x00007ff81cc3e000 	/System/Library/PrivateFrameworks/InternationalSupport.framework/Versions/A/InternationalSupport
0x00007ff81ccc8000 	/System/Library/PrivateFrameworks/UserActivity.framework/Versions/A/UserActivity
0x00007ff81c01e000 	/usr/lib/libspindump.dylib
0x00007ff813c1d000 	/System/Library/Frameworks/UniformTypeIdentifiers.framework/Versions/A/UniformTypeIdentifiers
0x00007ff8177af000 	/usr/lib/libapp_launch_measurement.dylib
0x00007ff8169e7000 	/System/Library/PrivateFrameworks/CoreAnalytics.framework/Versions/A/CoreAnalytics
0x00007ff8177b2000 	/System/Library/PrivateFrameworks/CoreAutoLayout.framework/Versions/A/CoreAutoLayout
0x00007ff8189e2000 	/System/Library/Frameworks/Metal.framework/Versions/A/Metal
0x00007ff819711000 	/usr/lib/liblangid.dylib
0x00007ff819090000 	/System/Library/PrivateFrameworks/CoreSVG.framework/Versions/A/CoreSVG
0x00007ff815009000 	/System/Library/PrivateFrameworks/SkyLight.framework/Versions/A/SkyLight
0x00007ff8153a8000 	/System/Library/Frameworks/CoreGraphics.framework/Versions/A/CoreGraphics
0x00007ff821468000 	/System/Library/Frameworks/Accelerate.framework/Versions/A/Accelerate
0x00007ff81ba9d000 	/System/Library/PrivateFrameworks/IconServices.framework/Versions/A/IconServices
0x00007ff8189c7000 	/System/Library/Frameworks/IOSurface.framework/Versions/A/IOSurface
0x00007ff816a15000 	/usr/lib/libDiagnosticMessagesClient.dylib
0x00007ff824b4a000 	/System/Library/Frameworks/ApplicationServices.framework/Versions/A/ApplicationServices
0x00007ff819077000 	/System/Library/PrivateFrameworks/DFRFoundation.framework/Versions/A/DFRFoundation
0x00007ff8123e6000 	/usr/lib/libicucore.A.dylib
0x00007ff81da34000 	/System/Library/Frameworks/AudioToolbox.framework/Versions/A/AudioToolbox
0x00007ff81cc4a000 	/System/Library/PrivateFrameworks/DataDetectorsCore.framework/Versions/A/DataDetectorsCore
0x00007ff919148000 	/System/Library/PrivateFrameworks/TextInput.framework/Versions/A/TextInput
0x00007ff814f8c000 	/usr/lib/libMobileGestalt.dylib
0x00007ff818d83000 	/System/Library/Frameworks/Carbon.framework/Versions/A/Frameworks/HIToolbox.framework/Versions/A/HIToolbox
0x00007ff8171b2000 	/System/Library/Frameworks/QuartzCore.framework/Versions/A/QuartzCore
0x00007ff81208b000 	/System/Library/Frameworks/Security.framework/Versions/A/Security
0x00007ff820de0000 	/System/Library/Frameworks/Carbon.framework/Versions/A/Frameworks/SpeechRecognition.framework/Versions/A/SpeechRecognition
0x00007ff81750f000 	/System/Library/PrivateFrameworks/CoreUI.framework/Versions/A/CoreUI
0x00007ff811955000 	/System/Library/Frameworks/CoreAudio.framework/Versions/A/CoreAudio
0x00007ff816b04000 	/System/Library/Frameworks/DiskArbitration.framework/Versions/A/DiskArbitration
0x00007ff81c40c000 	/System/Library/PrivateFrameworks/MultitouchSupport.framework/Versions/A/MultitouchSupport
0x00007ff814f8b000 	/usr/lib/libenergytrace.dylib
0x00007ff8129ea000 	/System/Library/Frameworks/IOKit.framework/Versions/A/IOKit
0x00007ff8211d0000 	/System/Library/Frameworks/CoreServices.framework/Versions/A/CoreServices
0x00007ff817749000 	/System/Library/PrivateFrameworks/PerformanceAnalysis.framework/Versions/A/PerformanceAnalysis
0x00007ffa28e2a000 	/System/Library/Frameworks/OpenGL.framework/Versions/A/OpenGL
0x00007ff81a373000 	/System/Library/PrivateFrameworks/MobileKeyBag.framework/Versions/A/MobileKeyBag
0x00007ff815a74000 	/System/Library/Frameworks/ColorSync.framework/Versions/A/ColorSync
0x00007ff810085000 	/System/Library/Frameworks/CoreFoundation.framework/Versions/A/CoreFoundation
0x00007ff819307000 	/System/Library/Frameworks/CoreImage.framework/Versions/A/CoreImage
0x00007ff811769000 	/System/Library/Frameworks/CoreText.framework/Versions/A/CoreText
0x00007ff8190c0000 	/System/Library/Frameworks/ImageIO.framework/Versions/A/ImageIO
0x00007ff81ae3d000 	/System/Library/PrivateFrameworks/SoftLinking.framework/Versions/A/SoftLinking
0x00007ff8177fa000 	/usr/lib/libxml2.2.dylib
0x00007ff81b0c1000 	/usr/lib/libcompression.dylib
0x00007ff81cb71000 	/System/Library/PrivateFrameworks/TextureIO.framework/Versions/A/TextureIO
0x00007ff81b7af000 	/usr/lib/libate.dylib
0x00007ff81b58b000 	/usr/lib/liblzma.5.dylib
0x00007ff810c13000 	/System/Library/Frameworks/SystemConfiguration.framework/Versions/A/SystemConfiguration
0x00007ff81ae39000 	/usr/lib/libfakelink.dylib
0x00007ff814ae4000 	/System/Library/Frameworks/CFNetwork.framework/Versions/A/CFNetwork
0x00007ff81af7a000 	/usr/lib/libarchive.2.dylib
0x00007ff81970d000 	/System/Library/PrivateFrameworks/AppleSystemInfo.framework/Versions/A/AppleSystemInfo
0x00007ff81a474000 	/usr/lib/libbsm.0.dylib
0x00007ff8140f3000 	/usr/lib/libnetwork.dylib
0x00007ff81add2000 	/usr/lib/system/libkxld.dylib
0x00007ff81a0a7000 	/System/Library/PrivateFrameworks/IOMobileFramebuffer.framework/Versions/A/IOMobileFramebuffer
0x00007ffb287f4000 	/usr/lib/libCoreEntitlements.dylib
0x00007ff81aae6000 	/System/Library/PrivateFrameworks/AppleFSCompression.framework/Versions/A/AppleFSCompression
0x00007ff81a45c000 	/usr/lib/libcoretls.dylib
0x00007ff81b5a5000 	/usr/lib/libcoretls_cfhelpers.dylib
0x00007ff81b0bc000 	/usr/lib/libpam.2.dylib
0x00007ff816446000 	/usr/lib/libsqlite3.dylib
0x00007ff81b614000 	/usr/lib/libxar.1.dylib
0x00007ff81aaf6000 	/usr/lib/libbz2.1.0.dylib
0x00007ff81ae3e000 	/usr/lib/libpcap.A.dylib
0x00007ff81681f000 	/usr/lib/libdns_services.dylib
0x00007ff81b08c000 	/usr/lib/libapple_nghttp2.dylib
0x00007ff81ae78000 	/usr/lib/libiconv.2.dylib
0x00007ff81adcb000 	/usr/lib/libcharset.1.dylib
0x00007ff81777d000 	/System/Library/Frameworks/CoreServices.framework/Versions/A/Frameworks/FSEvents.framework/Versions/A/FSEvents
0x00007ff812684000 	/System/Library/Frameworks/CoreServices.framework/Versions/A/Frameworks/CarbonCore.framework/Versions/A/CarbonCore
0x00007ff816a68000 	/System/Library/Frameworks/CoreServices.framework/Versions/A/Frameworks/Metadata.framework/Versions/A/Metadata
0x00007ff81ab09000 	/System/Library/Frameworks/CoreServices.framework/Versions/A/Frameworks/OSServices.framework/Versions/A/OSServices
0x00007ff81b001000 	/System/Library/Frameworks/CoreServices.framework/Versions/A/Frameworks/SearchKit.framework/Versions/A/SearchKit
0x00007ff8167b1000 	/System/Library/Frameworks/CoreServices.framework/Versions/A/Frameworks/AE.framework/Versions/A/AE
0x00007ff810588000 	/System/Library/Frameworks/CoreServices.framework/Versions/A/Frameworks/LaunchServices.framework/Versions/A/LaunchServices
0x00007ff81b53c000 	/System/Library/Frameworks/CoreServices.framework/Versions/A/Frameworks/DictionaryServices.framework/Versions/A/DictionaryServices
0x00007ff81778a000 	/System/Library/Frameworks/CoreServices.framework/Versions/A/Frameworks/SharedFileList.framework/Versions/A/SharedFileList
0x00007ff81a450000 	/usr/lib/libCheckFix.dylib
0x00007ff814ff0000 	/System/Library/PrivateFrameworks/TCC.framework/Versions/A/TCC
0x00007ff819713000 	/System/Library/PrivateFrameworks/CoreNLP.framework/Versions/A/CoreNLP
0x00007ff816a18000 	/System/Library/PrivateFrameworks/MetadataUtilities.framework/Versions/A/MetadataUtilities
0x00007ff810cc4000 	/usr/lib/libmecabra.dylib
0x00007ff81a484000 	/usr/lib/libmecab.dylib
0x00007ff810c8f000 	/usr/lib/libCRFSuite.dylib
0x00007ff81a4de000 	/usr/lib/libgermantok.dylib
0x00007ff81b067000 	/usr/lib/libThaiTokenizer.dylib
0x00007ff816b0b000 	/System/Library/Frameworks/Accelerate.framework/Versions/A/Frameworks/vImage.framework/Versions/A/vImage
0x00007ff8211a7000 	/System/Library/Frameworks/Accelerate.framework/Versions/A/Frameworks/vecLib.framework/Versions/A/vecLib
0x00007ff81b655000 	/System/Library/Frameworks/Accelerate.framework/Versions/A/Frameworks/vecLib.framework/Versions/A/libvMisc.dylib
0x00007ff819ed2000 	/System/Library/Frameworks/Accelerate.framework/Versions/A/Frameworks/vecLib.framework/Versions/A/libvDSP.dylib
0x00007ff810903000 	/System/Library/Frameworks/Accelerate.framework/Versions/A/Frameworks/vecLib.framework/Versions/A/libBLAS.dylib
0x00007ff81b19e000 	/System/Library/Frameworks/Accelerate.framework/Versions/A/Frameworks/vecLib.framework/Versions/A/libLAPACK.dylib
0x00007ff81a4e1000 	/System/Library/Frameworks/Accelerate.framework/Versions/A/Frameworks/vecLib.framework/Versions/A/libLinearAlgebra.dylib
0x00007ff81b0a4000 	/System/Library/Frameworks/Accelerate.framework/Versions/A/Frameworks/vecLib.framework/Versions/A/libSparseBLAS.dylib
0x00007ff81b198000 	/System/Library/Frameworks/Accelerate.framework/Versions/A/Frameworks/vecLib.framework/Versions/A/libQuadrature.dylib
0x00007ff8197fe000 	/System/Library/Frameworks/Accelerate.framework/Versions/A/Frameworks/vecLib.framework/Versions/A/libBNNS.dylib
0x00007ff810b9d000 	/System/Library/Frameworks/Accelerate.framework/Versions/A/Frameworks/vecLib.framework/Versions/A/libSparse.dylib
0x00007ff8197f7000 	/System/Library/PrivateFrameworks/LinguisticData.framework/Versions/A/LinguisticData
0x00007ff810b53000 	/System/Library/PrivateFrameworks/Lexicon.framework/Versions/A/Lexicon
0x00007ff81b64e000 	/usr/lib/libChineseTokenizer.dylib
0x00007ff8112be000 	/System/Library/PrivateFrameworks/LanguageModeling.framework/Versions/A/LanguageModeling
0x00007ff81b069000 	/System/Library/PrivateFrameworks/AppleSauce.framework/Versions/A/AppleSauce
0x00007ff81a095000 	/System/Library/PrivateFrameworks/CoreEmoji.framework/Versions/A/CoreEmoji
0x00007ff81af69000 	/usr/lib/libcmph.dylib
0x00007ff817761000 	/System/Library/Frameworks/OpenDirectory.framework/Versions/A/Frameworks/CFOpenDirectory.framework/Versions/A/CFOpenDirectory
0x00007ff817755000 	/System/Library/Frameworks/OpenDirectory.framework/Versions/A/OpenDirectory
0x00007ff81b5a7000 	/System/Library/PrivateFrameworks/APFS.framework/Versions/A/APFS
0x00007ff81a3ab000 	/System/Library/Frameworks/SecurityFoundation.framework/Versions/A/SecurityFoundation
0x00007ff81b622000 	/usr/lib/libutil.dylib
0x00007ff8129ae000 	/System/Library/PrivateFrameworks/CoreServicesStore.framework/Versions/A/CoreServicesStore
0x00007ff81b626000 	/usr/lib/libxslt.1.dylib
0x00007ff81a438000 	/System/Library/PrivateFrameworks/BackgroundTaskManagement.framework/Versions/A/BackgroundTaskManagement
0x00007ff81ca91000 	/System/Library/Frameworks/ImageIO.framework/Versions/A/Resources/libRadiance.dylib
0x00007ff81ca9a000 	/System/Library/Frameworks/ImageIO.framework/Versions/A/Resources/libJPEG.dylib
0x00007ff81c9eb000 	/System/Library/Frameworks/ImageIO.framework/Versions/A/Resources/libPng.dylib
0x00007ff81ca0c000 	/System/Library/Frameworks/ImageIO.framework/Versions/A/Resources/libTIFF.dylib
0x00007ff81cafa000 	/System/Library/Frameworks/ImageIO.framework/Versions/A/Resources/libGIF.dylib
0x00007ff81c326000 	/System/Library/Frameworks/ImageIO.framework/Versions/A/Resources/libJP2.dylib
0x00007ff81ba64000 	/usr/lib/libexpat.1.dylib
0x00007ff81c2db000 	/System/Library/PrivateFrameworks/AppleJPEG.framework/Versions/A/AppleJPEG
0x00007ff818c47000 	/System/Library/PrivateFrameworks/FontServices.framework/libFontParser.dylib
0x00007ff81675b000 	/System/Library/PrivateFrameworks/RunningBoardServices.framework/Versions/A/RunningBoardServices
0x00007ff827461000 	/System/Library/PrivateFrameworks/IOSurfaceAccelerator.framework/Versions/A/IOSurfaceAccelerator
0x00007ff81c408000 	/System/Library/PrivateFrameworks/WatchdogClient.framework/Versions/A/WatchdogClient
0x00007ff8113ac000 	/System/Library/Frameworks/CoreDisplay.framework/Versions/A/CoreDisplay
0x00007ff818b45000 	/System/Library/Frameworks/CoreMedia.framework/Versions/A/CoreMedia
0x00007ff8189d9000 	/System/Library/PrivateFrameworks/IOAccelerator.framework/Versions/A/IOAccelerator
0x00007ff8178de000 	/System/Library/Frameworks/CoreVideo.framework/Versions/A/CoreVideo
0x00007ff81b0ba000 	/System/Library/Frameworks/MetalPerformanceShaders.framework/Versions/A/MetalPerformanceShaders
0x00007ff81c445000 	/System/Library/Frameworks/VideoToolbox.framework/Versions/A/VideoToolbox
0x00007ff8166a5000 	/System/Library/PrivateFrameworks/BaseBoard.framework/Versions/A/BaseBoard
0x00007ff81642c000 	/System/Library/PrivateFrameworks/ProtocolBuffer.framework/Versions/A/ProtocolBuffer
0x00007ff81ca8a000 	/System/Library/PrivateFrameworks/GPUWrangler.framework/Versions/A/GPUWrangler
0x00007ff81ca6e000 	/System/Library/PrivateFrameworks/IOPresentment.framework/Versions/A/IOPresentment
0x00007ff81ca94000 	/System/Library/PrivateFrameworks/DSExternalDisplay.framework/Versions/A/DSExternalDisplay
0x00007ffa28e1e000 	/System/Library/Frameworks/OpenGL.framework/Versions/A/Libraries/libCoreFSCache.dylib
0x00007ffb15ef5000 	/System/Library/PrivateFrameworks/GPUCompiler.framework/Versions/31001/Libraries/libGPUCompilerUtils.dylib
0x00007ff81caff000 	/System/Library/PrivateFrameworks/CMCaptureCore.framework/Versions/A/CMCaptureCore
0x00007ff81c00c000 	/System/Library/PrivateFrameworks/AppServerSupport.framework/Versions/A/AppServerSupport
0x00007ff81e2cd000 	/System/Library/PrivateFrameworks/perfdata.framework/Versions/A/perfdata
0x00007ff8114d8000 	/System/Library/PrivateFrameworks/AudioToolboxCore.framework/Versions/A/AudioToolboxCore
0x00007ff818b23000 	/System/Library/PrivateFrameworks/caulk.framework/Versions/A/caulk
0x00007ff81dbdf000 	/usr/lib/libAudioStatistics.dylib
0x00007ff9158d6000 	/System/Library/PrivateFrameworks/SystemPolicy.framework/Versions/A/SystemPolicy
0x00007ff81de3a000 	/usr/lib/libSMC.dylib
0x00007ff826d59000 	/System/Library/Frameworks/CoreMIDI.framework/Versions/A/CoreMIDI
0x00007ff81c9ba000 	/usr/lib/libAudioToolboxUtility.dylib
0x00007ff911b02000 	/System/Library/PrivateFrameworks/OSAServicesClient.framework/Versions/A/OSAServicesClient
0x00007ff81e2da000 	/usr/lib/libperfcheck.dylib
0x00007ff916383000 	/usr/lib/libmis.dylib
0x00007ffa28e79000 	/System/Library/Frameworks/OpenGL.framework/Versions/A/Libraries/libGLU.dylib
0x00007ffa28e3d000 	/System/Library/Frameworks/OpenGL.framework/Versions/A/Libraries/libGFXShared.dylib
0x00007ffa29046000 	/System/Library/Frameworks/OpenGL.framework/Versions/A/Libraries/libGL.dylib
0x00007ffa28e46000 	/System/Library/Frameworks/OpenGL.framework/Versions/A/Libraries/libGLImage.dylib
0x00007ffa28e3a000 	/System/Library/Frameworks/OpenGL.framework/Versions/A/Libraries/libCVMSPluginSupport.dylib
0x00007ffa28e25000 	/System/Library/Frameworks/OpenGL.framework/Versions/A/Libraries/libCoreVMClient.dylib
0x00007ff81968f000 	/System/Library/Frameworks/MetalPerformanceShaders.framework/Versions/A/Frameworks/MPSCore.framework/Versions/A/MPSCore
0x00007ff81aa51000 	/System/Library/Frameworks/MetalPerformanceShaders.framework/Versions/A/Frameworks/MPSImage.framework/Versions/A/MPSImage
0x00007ff81a4f7000 	/System/Library/Frameworks/MetalPerformanceShaders.framework/Versions/A/Frameworks/MPSNeuralNetwork.framework/Versions/A/MPSNeuralNetwork
0x00007ff81a96b000 	/System/Library/Frameworks/MetalPerformanceShaders.framework/Versions/A/Frameworks/MPSMatrix.framework/Versions/A/MPSMatrix
0x00007ff81a726000 	/System/Library/Frameworks/MetalPerformanceShaders.framework/Versions/A/Frameworks/MPSRayIntersector.framework/Versions/A/MPSRayIntersector
0x00007ff81a9a3000 	/System/Library/Frameworks/MetalPerformanceShaders.framework/Versions/A/Frameworks/MPSNDArray.framework/Versions/A/MPSNDArray
0x00007ffa2e8fe000 	/System/Library/Frameworks/MetalPerformanceShaders.framework/Versions/A/Frameworks/MPSFunctions.framework/Versions/A/MPSFunctions
0x00007ff8107df000 	/System/Library/PrivateFrameworks/MetalTools.framework/Versions/A/MetalTools
0x00007ff81970b000 	/System/Library/PrivateFrameworks/AggregateDictionary.framework/Versions/A/AggregateDictionary
0x00007ff81b846000 	/usr/lib/libIOReport.dylib
0x00007ffa2a455000 	/System/Library/Frameworks/OpenCL.framework/Versions/A/OpenCL
0x00007ff81bbaa000 	/System/Library/PrivateFrameworks/FaceCore.framework/Versions/A/FaceCore
0x00007ff81bb9b000 	/System/Library/PrivateFrameworks/GraphVisualizer.framework/Versions/A/GraphVisualizer
0x00007ffb15e00000 	/System/Library/PrivateFrameworks/FontServices.framework/Versions/A/FontServices
0x00007ff81bfc4000 	/System/Library/PrivateFrameworks/OTSVG.framework/Versions/A/OTSVG
0x00007ff8174c5000 	/System/Library/Frameworks/ApplicationServices.framework/Versions/A/Frameworks/ATS.framework/Versions/A/Resources/libFontRegistry.dylib
0x00007ff81c014000 	/System/Library/PrivateFrameworks/FontServices.framework/libhvf.dylib
0x00007ffb15e01000 	/System/Library/PrivateFrameworks/FontServices.framework/libXTFontStaticRegistryData.dylib
0x00007ff81ba14000 	/System/Library/PrivateFrameworks/AppleVA.framework/Versions/A/AppleVA
0x00007ff81dbff000 	/System/Library/Frameworks/ApplicationServices.framework/Versions/A/Frameworks/ATS.framework/Versions/A/ATS
0x00007ff815b72000 	/System/Library/Frameworks/ApplicationServices.framework/Versions/A/Frameworks/HIServices.framework/Versions/A/HIServices
0x00007ff81cb09000 	/System/Library/Frameworks/ApplicationServices.framework/Versions/A/Frameworks/PrintCore.framework/Versions/A/PrintCore
0x00007ff81df8d000 	/System/Library/Frameworks/ApplicationServices.framework/Versions/A/Frameworks/QD.framework/Versions/A/QD
0x00007ff81df85000 	/System/Library/Frameworks/ApplicationServices.framework/Versions/A/Frameworks/ColorSyncLegacy.framework/Versions/A/ColorSyncLegacy
0x00007ff81dbef000 	/System/Library/Frameworks/ApplicationServices.framework/Versions/A/Frameworks/SpeechSynthesis.framework/Versions/A/SpeechSynthesis
0x00007ff81caca000 	/System/Library/Frameworks/ApplicationServices.framework/Versions/A/Frameworks/ATSUI.framework/Versions/A/ATSUI
0x00007ff81df1a000 	/usr/lib/libcups.2.dylib
0x00007ff81e2e9000 	/System/Library/Frameworks/Kerberos.framework/Versions/A/Kerberos
0x00007ff81e2f8000 	/System/Library/Frameworks/GSS.framework/Versions/A/GSS
0x00007ff81dc6b000 	/usr/lib/libresolv.9.dylib
0x00007ff81c023000 	/System/Library/PrivateFrameworks/Heimdal.framework/Versions/A/Heimdal
0x00007ff824edc000 	/System/Library/Frameworks/Kerberos.framework/Versions/A/Libraries/libHeimdalProxy.dylib
0x00007ff81682f000 	/System/Library/Frameworks/Network.framework/Versions/A/Network
0x00007ff81ba7e000 	/usr/lib/libheimdal-asn1.dylib
0x00007ff81e343000 	/System/Library/PrivateFrameworks/CommonAuth.framework/Versions/A/CommonAuth
0x00007ff81db71000 	/System/Library/PrivateFrameworks/AudioSession.framework/Versions/A/AudioSession
0x00007ff81bb0e000 	/System/Library/PrivateFrameworks/MediaExperience.framework/Versions/A/MediaExperience
0x00007ff81da03000 	/System/Library/PrivateFrameworks/AudioSession.framework/libSessionUtility.dylib
0x00007ff81df99000 	/System/Library/PrivateFrameworks/AudioResourceArbitration.framework/Versions/A/AudioResourceArbitration
0x00007ff82201a000 	/System/Library/PrivateFrameworks/PowerLog.framework/Versions/A/PowerLog
0x00007ff81ba87000 	/System/Library/PrivateFrameworks/IconFoundation.framework/Versions/A/IconFoundation
0x00007ff820dd0000 	/System/Library/PrivateFrameworks/SpeechRecognitionCore.framework/Versions/A/SpeechRecognitionCore
0x00007ffa1b0c2000 	/System/Library/CoreServices/Encodings/libSimplifiedChineseConverter.dylib
0x000000010e9d9000 	/Library/Java/JavaVirtualMachines/jdk-18.0.1.1.jdk/Contents/Home/lib/server/libjvm.dylib
0x000000010d9bb000 	/Library/Java/JavaVirtualMachines/jdk-18.0.1.1.jdk/Contents/Home/lib/libjimage.dylib
0x000000010da39000 	/Library/Java/JavaVirtualMachines/jdk-18.0.1.1.jdk/Contents/Home/lib/libjava.dylib
0x000000010e89f000 	/Library/Java/JavaVirtualMachines/jdk-18.0.1.1.jdk/Contents/Home/lib/libnio.dylib
0x000000010e8bb000 	/Library/Java/JavaVirtualMachines/jdk-18.0.1.1.jdk/Contents/Home/lib/libnet.dylib
0x000000010e8d7000 	/Library/Java/JavaVirtualMachines/jdk-18.0.1.1.jdk/Contents/Home/lib/libzip.dylib
0x000000010e884000 	/Users/hemingyu/Documents/CPSC 233/javafx-sdk-16/lib/libprism_es2.dylib
0x00007ff812970000 	/System/Library/PrivateFrameworks/CoreServicesInternal.framework/Versions/A/CoreServicesInternal
0x00007ffa29051000 	/System/Library/Frameworks/OpenGL.framework/Versions/A/Resources/GLEngine.bundle/GLEngine
0x00007ffa28eb7000 	/System/Library/Frameworks/OpenGL.framework/Versions/A/Libraries/libGLProgrammability.dylib
0x00007ffa21823000 	/System/Library/Extensions/AppleIntelBDWGraphicsGLDriver.bundle/Contents/MacOS/AppleIntelBDWGraphicsGLDriver
0x00007ff92051e000 	/System/Library/PrivateFrameworks/GPUSupport.framework/Versions/A/Libraries/libGPUSupportMercury.dylib
0x00007ffa291db000 	/System/Library/Frameworks/OpenGL.framework/Versions/A/Resources/GLRendererFloat.bundle/GLRendererFloat
0x0000000132afe000 	/Users/hemingyu/Documents/CPSC 233/javafx-sdk-16/lib/libglass.dylib
0x00007ff82260b000 	/System/Library/Frameworks/FileProvider.framework/Versions/A/FileProvider
0x00007ff816612000 	/System/Library/Frameworks/Accounts.framework/Versions/A/Accounts
0x00007ff822784000 	/System/Library/PrivateFrameworks/GenerationalStorage.framework/Versions/A/GenerationalStorage
0x00007ff823294000 	/System/Library/PrivateFrameworks/CoreSymbolication.framework/Versions/A/CoreSymbolication
0x00007ff82200f000 	/System/Library/PrivateFrameworks/SymptomDiagnosticReporter.framework/Versions/A/SymptomDiagnosticReporter
0x00007ff813c31000 	/System/Library/PrivateFrameworks/DesktopServicesPriv.framework/Versions/A/DesktopServicesPriv
0x00007ff812aaf000 	/usr/lib/libsandbox.1.dylib
0x00007ff81795d000 	/System/Library/PrivateFrameworks/UserManagement.framework/Versions/A/UserManagement
0x00007ff823259000 	/System/Library/PrivateFrameworks/DebugSymbols.framework/Versions/A/DebugSymbols
0x00007ff81df7a000 	/System/Library/PrivateFrameworks/NetAuth.framework/Versions/A/NetAuth
0x00007ff81ee89000 	/System/Library/PrivateFrameworks/Sharing.framework/Versions/A/Sharing
0x00007ff817930000 	/System/Library/PrivateFrameworks/login.framework/Versions/A/Frameworks/loginsupport.framework/Versions/A/loginsupport
0x00007ff8243f7000 	/System/Library/PrivateFrameworks/Apple80211.framework/Versions/A/Apple80211
0x00007ff81ab36000 	/System/Library/PrivateFrameworks/AuthKit.framework/Versions/A/AuthKit
0x00007ff81a18b000 	/System/Library/PrivateFrameworks/CoreUtils.framework/Versions/A/CoreUtils
0x00007ff81a0b2000 	/System/Library/Frameworks/CoreWLAN.framework/Versions/A/CoreWLAN
0x00007ff81efe8000 	/System/Library/Frameworks/IOBluetooth.framework/Versions/A/IOBluetooth
0x00007ff82445f000 	/System/Library/PrivateFrameworks/CoreWiFi.framework/Versions/A/CoreWiFi
0x00007ff822e2e000 	/System/Library/PrivateFrameworks/FrontBoardServices.framework/Versions/A/FrontBoardServices
0x00007ff822ebf000 	/System/Library/PrivateFrameworks/BoardServices.framework/Versions/A/BoardServices
0x00007ff81a39a000 	/System/Library/PrivateFrameworks/AssertionServices.framework/Versions/A/AssertionServices
0x00007ff8245e2000 	/System/Library/PrivateFrameworks/BackBoardServices.framework/Versions/A/BackBoardServices
0x00007ff81e3d4000 	/System/Library/PrivateFrameworks/CorePhoneNumbers.framework/Versions/A/CorePhoneNumbers
0x00007ff81dc98000 	/System/Library/PrivateFrameworks/MultiverseSupport.framework/Versions/A/MultiverseSupport
0x00007ff824855000 	/System/Library/PrivateFrameworks/RemoteServiceDiscovery.framework/Versions/A/RemoteServiceDiscovery
0x00007ff82212c000 	/System/Library/PrivateFrameworks/DiskManagement.framework/Versions/A/DiskManagement
0x00007ff822040000 	/System/Library/PrivateFrameworks/AppleIDAuthSupport.framework/Versions/A/AppleIDAuthSupport
0x00007ffb1077b000 	/System/Library/PrivateFrameworks/AAAFoundation.framework/Versions/A/AAAFoundation
0x00007ff81e3b5000 	/System/Library/PrivateFrameworks/KeychainCircle.framework/Versions/A/KeychainCircle
0x00007ff824865000 	/System/Library/PrivateFrameworks/RemoteXPC.framework/Versions/A/RemoteXPC
0x00007ff8220f8000 	/System/Library/PrivateFrameworks/MediaKit.framework/Versions/A/MediaKit
0x00007ff82204c000 	/System/Library/Frameworks/DiscRecording.framework/Versions/A/DiscRecording
0x00007ff81b98c000 	/usr/lib/libCoreStorage.dylib
0x00007ff8248d0000 	/usr/lib/libcsfde.dylib
0x00007ff81f0b5000 	/System/Library/PrivateFrameworks/ProtectedCloudStorage.framework/Versions/A/ProtectedCloudStorage
0x00007ff8248cc000 	/System/Library/PrivateFrameworks/EFILogin.framework/Versions/A/EFILogin
0x00007ff8227aa000 	/System/Library/PrivateFrameworks/OctagonTrust.framework/Versions/A/OctagonTrust
0x00007ffb15063000 	/System/Library/PrivateFrameworks/CoreUtilsExtras.framework/Versions/A/CoreUtilsExtras
0x00007ff821f73000 	/System/Library/Frameworks/CoreBluetooth.framework/Versions/A/CoreBluetooth
0x00007ff824f61000 	/System/Library/Frameworks/AudioUnit.framework/Versions/A/AudioUnit
0x00007ff81b984000 	/usr/lib/libMatch.1.dylib
0x00007ff91a9a7000 	/System/Library/Frameworks/Accelerate.framework/Versions/A/Frameworks/vImage.framework/Versions/A/Libraries/libCGInterfaces.dylib
0x000000012cbe7000 	/usr/lib/libobjc-trampolines.dylib
0x00007ff817655000 	/System/Library/PrivateFrameworks/ViewBridge.framework/Versions/A/ViewBridge


VM Arguments:
jvm_args: -Dfile.encoding=UTF-8 --module-path=/Users/hemingyu/git/CPSC233Project/bin:/Users/hemingyu/Documents/CPSC 233/javafx-sdk-16/lib/javafx.fxml.jar:/Users/hemingyu/Documents/CPSC 233/javafx-sdk-16/lib/javafx-swt.jar:/Users/hemingyu/Documents/CPSC 233/javafx-sdk-16/lib/javafx.media.jar:/Users/hemingyu/Documents/CPSC 233/javafx-sdk-16/lib/javafx.graphics.jar:/Users/hemingyu/Documents/CPSC 233/javafx-sdk-16/lib/javafx.swing.jar:/Users/hemingyu/Documents/CPSC 233/javafx-sdk-16/lib/javafx.web.jar:/Users/hemingyu/Documents/CPSC 233/javafx-sdk-16/lib/javafx.controls.jar:/Users/hemingyu/Documents/CPSC 233/javafx-sdk-16/lib/javafx.base.jar:/Users/hemingyu/.p2/pool/plugins/org.eclipse.fx.ide.css.jfx8_3.8.0.202204150904.jar -XX:+ShowCodeDetailsInExceptionMessages -Djdk.module.main=LaundryProject 
java_command: LaundryProject/application.Main
java_class_path (initial): /Users/hemingyu/.p2/pool/plugins/org.junit_4.13.2.v20211018-1956.jar:/Users/hemingyu/.p2/pool/plugins/org.hamcrest.core_1.3.0.v20180420-1519.jar
Launcher Type: SUN_STANDARD

[Global flags]
     intx CICompilerCount                          = 3                                         {product} {ergonomic}
     uint ConcGCThreads                            = 1                                         {product} {ergonomic}
     uint G1ConcRefinementThreads                  = 4                                         {product} {ergonomic}
   size_t G1HeapRegionSize                         = 1048576                                   {product} {ergonomic}
    uintx GCDrainStackTargetSize                   = 64                                        {product} {ergonomic}
   size_t InitialHeapSize                          = 134217728                                 {product} {ergonomic}
   size_t MarkStackSize                            = 4194304                                   {product} {ergonomic}
   size_t MaxHeapSize                              = 2147483648                                {product} {ergonomic}
   size_t MaxNewSize                               = 1287651328                                {product} {ergonomic}
   size_t MinHeapDeltaBytes                        = 1048576                                   {product} {ergonomic}
   size_t MinHeapSize                              = 8388608                                   {product} {ergonomic}
    uintx NonNMethodCodeHeapSize                   = 5832780                                {pd product} {ergonomic}
    uintx NonProfiledCodeHeapSize                  = 122912730                              {pd product} {ergonomic}
    uintx ProfiledCodeHeapSize                     = 122912730                              {pd product} {ergonomic}
    uintx ReservedCodeCacheSize                    = 251658240                              {pd product} {ergonomic}
     bool SegmentedCodeCache                       = true                                      {product} {ergonomic}
     bool ShowCodeDetailsInExceptionMessages       = true                                   {manageable} {command line}
   size_t SoftMaxHeapSize                          = 2147483648                             {manageable} {ergonomic}
     bool UseCompressedClassPointers               = true                           {product lp64_product} {ergonomic}
     bool UseCompressedOops                        = true                           {product lp64_product} {ergonomic}
     bool UseG1GC                                  = true                                      {product} {ergonomic}
     bool UseNUMA                                  = false                                     {product} {ergonomic}
     bool UseNUMAInterleaving                      = false                                     {product} {ergonomic}

Logging:
Log output configuration:
 #0: stdout all=warning uptime,level,tags foldmultilines=false
 #1: stderr all=off uptime,level,tags foldmultilines=false

Environment Variables:
PATH=/usr/bin:/bin:/usr/sbin:/sbin
SHELL=/bin/zsh

Signal Handlers:
   SIGSEGV: _ZL13crash_handleriP9__siginfoPv in libjvm.dylib, mask=11100110000111110111111111111111, flags=SA_RESTART|SA_SIGINFO
    SIGBUS: _ZL13crash_handleriP9__siginfoPv in libjvm.dylib, mask=11100110000111110111111111111111, flags=SA_RESTART|SA_SIGINFO
    SIGFPE: _ZL13crash_handleriP9__siginfoPv in libjvm.dylib, mask=11100110000111110111111111111111, flags=SA_RESTART|SA_SIGINFO
   SIGPIPE: _ZL17javaSignalHandleriP9__siginfoPv in libjvm.dylib, mask=11100110000111110111111111111111, flags=SA_RESTART|SA_SIGINFO
   SIGXFSZ: _ZL17javaSignalHandleriP9__siginfoPv in libjvm.dylib, mask=11100110000111110111111111111111, flags=SA_RESTART|SA_SIGINFO
    SIGILL: _ZL13crash_handleriP9__siginfoPv in libjvm.dylib, mask=11100110000111110111111111111111, flags=SA_RESTART|SA_SIGINFO
   SIGUSR2: _ZL10SR_handleriP9__siginfoP17__darwin_ucontext in libjvm.dylib, mask=00100000000000000000000000000000, flags=SA_RESTART|SA_SIGINFO
    SIGHUP: _ZL11UserHandleriPvS_ in libjvm.dylib, mask=11100110000111110111111111111111, flags=SA_RESTART|SA_SIGINFO
    SIGINT: _ZL11UserHandleriPvS_ in libjvm.dylib, mask=11100110000111110111111111111111, flags=SA_RESTART|SA_SIGINFO
   SIGTERM: _ZL11UserHandleriPvS_ in libjvm.dylib, mask=11100110000111110111111111111111, flags=SA_RESTART|SA_SIGINFO
   SIGQUIT: _ZL11UserHandleriPvS_ in libjvm.dylib, mask=11100110000111110111111111111111, flags=SA_RESTART|SA_SIGINFO
   SIGTRAP: _ZL13crash_handleriP9__siginfoPv in libjvm.dylib, mask=11100110000111110111111111111111, flags=SA_RESTART|SA_SIGINFO


---------------  S Y S T E M  ---------------

OS:
uname: Darwin 21.6.0 Darwin Kernel Version 21.6.0: Sat Jun 18 17:07:25 PDT 2022; root:xnu-8020.140.41~1/RELEASE_X86_64 x86_64
OS uptime: 1 days 22:41 hours
rlimit (soft/hard): STACK 8192k/65532k , CORE 0k/infinity , NPROC 1392/2088 , NOFILE 10240/infinity , AS infinity/infinity , CPU infinity/infinity , DATA infinity/infinity , FSIZE infinity/infinity , MEMLOCK infinity/infinity , RSS infinity/infinity
load average: 1.57 1.50 1.52

CPU: total 4 (initial active 4) (2 cores per cpu, 2 threads per core) family 6 model 61 stepping 4 microcode 0x2f, cx8, cmov, fxsr, ht, mmx, 3dnowpref, sse, sse2, sse3, ssse3, sse4.1, sse4.2, popcnt, lzcnt, tsc, tscinvbit, avx, avx2, aes, erms, clmul, bmi1, bmi2, adx, fma, vzeroupper, clflush

Memory: 4k page, physical 8388608k(23424k free), swap 1048576k(1032704k free)

vm_info: Java HotSpot(TM) 64-Bit Server VM (18.0.1.1+2-6) for bsd-amd64 JRE (18.0.1.1+2-6), built on Apr 25 2022 20:50:57 by "mach5one" with clang Apple LLVM 12.0.0 (clang-1200.0.32.29)

END.
